#
# A fatal error has been detected by the Java Runtime Environment:
#
#  EXCEPTION_ACCESS_VIOLATION (0xc0000005) at pc=0x00007ffd4f10cceb, pid=19440, tid=11164
#
# JRE version: OpenJDK Runtime Environment (15.0.1+9) (build 15.0.1+9-18)
# Java VM: OpenJDK 64-Bit Server VM (15.0.1+9-18, mixed mode, sharing, tiered, compressed oops, g1 gc, windows-amd64)
# Problematic frame:
# C  [MSVCP120.dll+0x3cceb]
#
# No core dump will be written. Minidumps are not enabled by default on client versions of Windows
#
# If you would like to submit a bug report, please visit:
#   https://bugreport.java.com/bugreport/crash.jsp
# The crash happened outside the Java Virtual Machine in native code.
# See problematic frame for where to report the bug.
#

---------------  S U M M A R Y ------------

Command Line: -Djava.library.path=lib/native -Dfile.encoding=windows-1252 -Duser.country=FR -Duser.language=fr -Duser.variant Api.ApiApp.ApiAppApplication

Host: AMD Ryzen 7 2700X Eight-Core Processor         , 16 cores, 15G,  Windows 10 , 64 bit Build 18362 (10.0.18362.1316)
Time: Mon Feb  1 11:34:00 2021 Paris, Madrid elapsed time: 2.315826 seconds (0d 0h 0m 2s)

---------------  T H R E A D  ---------------

Current thread (0x00000205e3f96b20):  JavaThread "http-nio-8080-exec-2" daemon [_thread_in_native, id=11164, stack(0x000000a6bb500000,0x000000a6bb600000)]

Stack: [0x000000a6bb500000,0x000000a6bb600000],  sp=0x000000a6bb5fc8c0,  free space=1010k
Native frames: (J=compiled Java code, j=interpreted, Vv=VM code, C=native code)
C  [MSVCP120.dll+0x3cceb]

Java frames: (J=compiled Java code, j=interpreted, Vv=VM code)
j  com.leapmotion.leap.LeapJNI.new_Controller__SWIG_0()J+0
j  com.leapmotion.leap.Controller.<init>()V+1
j  Visual.ProcessingVisual.CameraView.CameraImage.<init>()V+9
j  Api.ApiApp.LeapInfosRESTController.getLeapView(Ljavax/servlet/http/HttpServletResponse;)V+12
v  ~StubRoutines::call_stub
J 2449  jdk.internal.reflect.NativeMethodAccessorImpl.invoke0(Ljava/lang/reflect/Method;Ljava/lang/Object;[Ljava/lang/Object;)Ljava/lang/Object; java.base@15.0.1 (0 bytes) @ 0x00000205ce48ed4f [0x00000205ce48ecc0+0x000000000000008f]
J 2448 c1 jdk.internal.reflect.NativeMethodAccessorImpl.invoke(Ljava/lang/Object;[Ljava/lang/Object;)Ljava/lang/Object; java.base@15.0.1 (117 bytes) @ 0x00000205c7410f54 [0x00000205c74103a0+0x0000000000000bb4]
J 2156 c1 jdk.internal.reflect.DelegatingMethodAccessorImpl.invoke(Ljava/lang/Object;[Ljava/lang/Object;)Ljava/lang/Object; java.base@15.0.1 (10 bytes) @ 0x00000205c73377cc [0x00000205c73376c0+0x000000000000010c]
J 2131 c1 java.lang.reflect.Method.invoke(Ljava/lang/Object;[Ljava/lang/Object;)Ljava/lang/Object; java.base@15.0.1 (65 bytes) @ 0x00000205c732d6cc [0x00000205c732d380+0x000000000000034c]
j  org.springframework.web.method.support.InvocableHandlerMethod.doInvoke([Ljava/lang/Object;)Ljava/lang/Object;+32
j  org.springframework.web.method.support.InvocableHandlerMethod.invokeForRequest(Lorg/springframework/web/context/request/NativeWebRequest;Lorg/springframework/web/method/support/ModelAndViewContainer;[Ljava/lang/Object;)Ljava/lang/Object;+54
j  org.springframework.web.servlet.mvc.method.annotation.ServletInvocableHandlerMethod.invokeAndHandle(Lorg/springframework/web/context/request/ServletWebRequest;Lorg/springframework/web/method/support/ModelAndViewContainer;[Ljava/lang/Object;)V+4
j  org.springframework.web.servlet.mvc.method.annotation.RequestMappingHandlerAdapter.invokeHandlerMethod(Ljavax/servlet/http/HttpServletRequest;Ljavax/servlet/http/HttpServletResponse;Lorg/springframework/web/method/HandlerMethod;)Lorg/springframework/web/servlet/ModelAndView;+244
j  org.springframework.web.servlet.mvc.method.annotation.RequestMappingHandlerAdapter.handleInternal(Ljavax/servlet/http/HttpServletRequest;Ljavax/servlet/http/HttpServletResponse;Lorg/springframework/web/method/HandlerMethod;)Lorg/springframework/web/servlet/ModelAndView;+81
j  org.springframework.web.servlet.mvc.method.AbstractHandlerMethodAdapter.handle(Ljavax/servlet/http/HttpServletRequest;Ljavax/servlet/http/HttpServletResponse;Ljava/lang/Object;)Lorg/springframework/web/servlet/ModelAndView;+7
j  org.springframework.web.servlet.DispatcherServlet.doDispatch(Ljavax/servlet/http/HttpServletRequest;Ljavax/servlet/http/HttpServletResponse;)V+257
j  org.springframework.web.servlet.DispatcherServlet.doService(Ljavax/servlet/http/HttpServletRequest;Ljavax/servlet/http/HttpServletResponse;)V+235
j  org.springframework.web.servlet.FrameworkServlet.processRequest(Ljavax/servlet/http/HttpServletRequest;Ljavax/servlet/http/HttpServletResponse;)V+71
j  org.springframework.web.servlet.FrameworkServlet.doGet(Ljavax/servlet/http/HttpServletRequest;Ljavax/servlet/http/HttpServletResponse;)V+3
j  javax.servlet.http.HttpServlet.service(Ljavax/servlet/http/HttpServletRequest;Ljavax/servlet/http/HttpServletResponse;)V+35
j  org.springframework.web.servlet.FrameworkServlet.service(Ljavax/servlet/http/HttpServletRequest;Ljavax/servlet/http/HttpServletResponse;)V+33
j  javax.servlet.http.HttpServlet.service(Ljavax/servlet/ServletRequest;Ljavax/servlet/ServletResponse;)V+36
j  org.apache.catalina.core.ApplicationFilterChain.internalDoFilter(Ljavax/servlet/ServletRequest;Ljavax/servlet/ServletResponse;)V+304
j  org.apache.catalina.core.ApplicationFilterChain.doFilter(Ljavax/servlet/ServletRequest;Ljavax/servlet/ServletResponse;)V+101
j  org.apache.tomcat.websocket.server.WsFilter.doFilter(Ljavax/servlet/ServletRequest;Ljavax/servlet/ServletResponse;Ljavax/servlet/FilterChain;)V+21
j  org.apache.catalina.core.ApplicationFilterChain.internalDoFilter(Ljavax/servlet/ServletRequest;Ljavax/servlet/ServletResponse;)V+135
j  org.apache.catalina.core.ApplicationFilterChain.doFilter(Ljavax/servlet/ServletRequest;Ljavax/servlet/ServletResponse;)V+101
j  org.springframework.web.filter.RequestContextFilter.doFilterInternal(Ljavax/servlet/http/HttpServletRequest;Ljavax/servlet/http/HttpServletResponse;Ljavax/servlet/FilterChain;)V+21
j  org.springframework.web.filter.OncePerRequestFilter.doFilter(Ljavax/servlet/ServletRequest;Ljavax/servlet/ServletResponse;Ljavax/servlet/FilterChain;)V+147
j  org.apache.catalina.core.ApplicationFilterChain.internalDoFilter(Ljavax/servlet/ServletRequest;Ljavax/servlet/ServletResponse;)V+135
j  org.apache.catalina.core.ApplicationFilterChain.doFilter(Ljavax/servlet/ServletRequest;Ljavax/servlet/ServletResponse;)V+101
j  org.springframework.web.filter.FormContentFilter.doFilterInternal(Ljavax/servlet/http/HttpServletRequest;Ljavax/servlet/http/HttpServletResponse;Ljavax/servlet/FilterChain;)V+38
j  org.springframework.web.filter.OncePerRequestFilter.doFilter(Ljavax/servlet/ServletRequest;Ljavax/servlet/ServletResponse;Ljavax/servlet/FilterChain;)V+147
j  org.apache.catalina.core.ApplicationFilterChain.internalDoFilter(Ljavax/servlet/ServletRequest;Ljavax/servlet/ServletResponse;)V+135
j  org.apache.catalina.core.ApplicationFilterChain.doFilter(Ljavax/servlet/ServletRequest;Ljavax/servlet/ServletResponse;)V+101
j  org.springframework.web.filter.CharacterEncodingFilter.doFilterInternal(Ljavax/servlet/http/HttpServletRequest;Ljavax/servlet/http/HttpServletResponse;Ljavax/servlet/FilterChain;)V+53
j  org.springframework.web.filter.OncePerRequestFilter.doFilter(Ljavax/servlet/ServletRequest;Ljavax/servlet/ServletResponse;Ljavax/servlet/FilterChain;)V+147
j  org.apache.catalina.core.ApplicationFilterChain.internalDoFilter(Ljavax/servlet/ServletRequest;Ljavax/servlet/ServletResponse;)V+135
j  org.apache.catalina.core.ApplicationFilterChain.doFilter(Ljavax/servlet/ServletRequest;Ljavax/servlet/ServletResponse;)V+101
j  org.apache.catalina.core.StandardWrapperValve.invoke(Lorg/apache/catalina/connector/Request;Lorg/apache/catalina/connector/Response;)V+694
j  org.apache.catalina.core.StandardContextValve.invoke(Lorg/apache/catalina/connector/Request;Lorg/apache/catalina/connector/Response;)V+169
j  org.apache.catalina.authenticator.AuthenticatorBase.invoke(Lorg/apache/catalina/connector/Request;Lorg/apache/catalina/connector/Response;)V+260
j  org.apache.catalina.core.StandardHostValve.invoke(Lorg/apache/catalina/connector/Request;Lorg/apache/catalina/connector/Response;)V+128
j  org.apache.catalina.valves.ErrorReportValve.invoke(Lorg/apache/catalina/connector/Request;Lorg/apache/catalina/connector/Response;)V+6
j  org.apache.catalina.core.StandardEngineValve.invoke(Lorg/apache/catalina/connector/Request;Lorg/apache/catalina/connector/Response;)V+59
j  org.apache.catalina.connector.CoyoteAdapter.service(Lorg/apache/coyote/Request;Lorg/apache/coyote/Response;)V+199
j  org.apache.coyote.http11.Http11Processor.service(Lorg/apache/tomcat/util/net/SocketWrapperBase;)Lorg/apache/tomcat/util/net/AbstractEndpoint$Handler$SocketState;+737
j  org.apache.coyote.AbstractProcessorLight.process(Lorg/apache/tomcat/util/net/SocketWrapperBase;Lorg/apache/tomcat/util/net/SocketEvent;)Lorg/apache/tomcat/util/net/AbstractEndpoint$Handler$SocketState;+170
j  org.apache.coyote.AbstractProtocol$ConnectionHandler.process(Lorg/apache/tomcat/util/net/SocketWrapperBase;Lorg/apache/tomcat/util/net/SocketEvent;)Lorg/apache/tomcat/util/net/AbstractEndpoint$Handler$SocketState;+505
j  org.apache.tomcat.util.net.NioEndpoint$SocketProcessor.doRun()V+216
j  org.apache.tomcat.util.net.SocketProcessorBase.run()V+21
j  java.util.concurrent.ThreadPoolExecutor.runWorker(Ljava/util/concurrent/ThreadPoolExecutor$Worker;)V+92 java.base@15.0.1
j  java.util.concurrent.ThreadPoolExecutor$Worker.run()V+5 java.base@15.0.1
j  org.apache.tomcat.util.threads.TaskThread$WrappingRunnable.run()V+4
j  java.lang.Thread.run()V+11 java.base@15.0.1
v  ~StubRoutines::call_stub

siginfo: EXCEPTION_ACCESS_VIOLATION (0xc0000005), reading address 0x0000000000000000


Register to memory mapping:

RIP=0x00007ffd4f10cceb MSVCP120.dll
RAX=0x0 is NULL
RBX=0x00007ffd09e35428 gdi32full.dll
RCX=0x00007ffd09e35428 Leap.dll
RDX=0x0 is NULL
RSP=0x000000a6bb5fc8c0 is pointing into the stack for thread: 0x00000205e3f96b20
RBP=0x000000a6bb5fcaf0 is pointing into the stack for thread: 0x00000205e3f96b20
RSI=0x0000000710ac6570 is an oop: [Ljava.lang.String; 
{0x0000000710ac6570} - klass: 'java/lang/String'[]
 - length: 2
RDI=0x0 is NULL
R8 =0x000000a6bb5fc838 is pointing into the stack for thread: 0x00000205e3f96b20
R9 =0x0 is NULL
R10=0x0 is NULL
R11=0x000000a6bb5fc8c0 is pointing into the stack for thread: 0x00000205e3f96b20
R12=0x0 is NULL
R13={method} {0x00000205e8228e28} 'new_Controller__SWIG_0' '()J' in 'com/leapmotion/leap/LeapJNI'
R14=0x000000a6bb5fcbe0 is pointing into the stack for thread: 0x00000205e3f96b20
R15=0x00000205e3f96b20 is a thread


Registers:
RAX=0x0000000000000000, RBX=0x00007ffd09e35428, RCX=0x00007ffd09e35428, RDX=0x0000000000000000
RSP=0x000000a6bb5fc8c0, RBP=0x000000a6bb5fcaf0, RSI=0x0000000710ac6570, RDI=0x0000000000000000
R8 =0x000000a6bb5fc838, R9 =0x0000000000000000, R10=0x0000000000000000, R11=0x000000a6bb5fc8c0
R12=0x0000000000000000, R13=0x00000205e8228e20, R14=0x000000a6bb5fcbe0, R15=0x00000205e3f96b20
RIP=0x00007ffd4f10cceb, EFLAGS=0x0000000000010206

Top of Stack: (sp=0x000000a6bb5fc8c0)
0x000000a6bb5fc8c0:   000000007fffffff 00007ffd60f4acb6
0x000000a6bb5fc8d0:   0000000000000000 0000000000000000
0x000000a6bb5fc8e0:   0000000000000000 0000000000000000
0x000000a6bb5fc8f0:   0000953334f795c6 00000205001f0003
0x000000a6bb5fc900:   000000a6bb5fc9c8 00007ffd09c9b07e
0x000000a6bb5fc910:   00000205e7f38620 00007ffd60f4ac56
0x000000a6bb5fc920:   0000000000000000 0000000710ac6570
0x000000a6bb5fc930:   0000000700000000 fffffffffffffffe
0x000000a6bb5fc940:   0000000000000000 00000000001f0003
0x000000a6bb5fc950:   000000a6bb5fcaa8 00007ffd09c9b206
0x000000a6bb5fc960:   000000a6bb5fc9c8 00007ffd09e35428
0x000000a6bb5fc970:   000000000000000c 0000000710ac6570
0x000000a6bb5fc980:   ffffffff00000000 0000000000000000
0x000000a6bb5fc990:   0000000000000000 00007ffd09c88bde
0x000000a6bb5fc9a0:   00007ffd55071dac 00007ffd550765c0
0x000000a6bb5fc9b0:   00007ffd00000002 00007ffd09c00000 

Instructions: (pc=0x00007ffd4f10cceb)
0x00007ffd4f10cbeb:   24 30 48 33 cc e8 9b 20 01 00 48 83 c4 40 5b c3
0x00007ffd4f10cbfb:   cc 40 53 48 83 ec 30 48 8d 41 08 4d 8b c8 48 8b
0x00007ffd4f10cc0b:   d9 4c 8b c2 48 89 44 24 28 83 64 24 20 00 33 d2
0x00007ffd4f10cc1b:   33 c9 ff 15 7d 87 01 00 48 89 03 48 f7 d8 1b c0
0x00007ffd4f10cc2b:   f7 d0 83 e0 04 48 83 c4 30 5b c3 cc cc 33 c9 48
0x00007ffd4f10cc3b:   ff 25 57 87 01 00 cc cc cc 40 53 48 83 ec 70 0f
0x00007ffd4f10cc4b:   10 49 10 0f 10 01 0f 11 4c 24 20 66 0f 73 d9 08
0x00007ffd4f10cc5b:   0f 11 44 24 30 f2 0f 10 41 20 66 48 0f 7e cb 48
0x00007ffd4f10cc6b:   8b cb f2 0f 11 44 24 60 e8 98 02 00 00 48 8b 44
0x00007ffd4f10cc7b:   24 60 48 8b 4c 24 20 c7 00 01 00 00 00 e8 b7 fc
0x00007ffd4f10cc8b:   ff ff 48 8b cb e8 ff 02 00 00 0f 10 4c 24 30 66
0x00007ffd4f10cc9b:   48 0f 7e c8 66 0f 6f c1 66 0f 73 d8 08 66 48 0f
0x00007ffd4f10ccab:   7e c1 ff d0 8b d8 e8 9e 07 00 00 e8 15 0b 00 00
0x00007ffd4f10ccbb:   8b c3 48 83 c4 70 5b c3 cc 48 89 5c 24 18 48 89
0x00007ffd4f10cccb:   74 24 20 57 48 83 ec 40 48 8b 05 06 85 05 00 48
0x00007ffd4f10ccdb:   33 c4 48 89 44 24 30 48 8b 01 48 8b fa 48 8b d9
0x00007ffd4f10cceb:   44 8b 00 41 0f ba f0 08 41 83 f8 01 75 2f 48 8b
0x00007ffd4f10ccfb:   f8 ff 15 36 83 01 00 39 47 40 74 16 48 8d 4f 08
0x00007ffd4f10cd0b:   ff 15 9f 86 01 00 ff 15 21 83 01 00 48 8b 0b 89
0x00007ffd4f10cd1b:   41 40 48 8b 03 ff 40 44 e9 e6 00 00 00 48 85 d2
0x00007ffd4f10cd2b:   75 1e 48 8b f0 ff 15 02 83 01 00 39 46 40 0f 84
0x00007ffd4f10cd3b:   8a 00 00 00 48 8d 4e 08 ff 15 67 86 01 00 eb 7e
0x00007ffd4f10cd4b:   48 83 3a 00 7c 5c 75 06 83 7a 08 00 7e 54 48 8d
0x00007ffd4f10cd5b:   4c 24 20 ba 01 00 00 00 e8 10 0a 00 00 48 8b 44
0x00007ffd4f10cd6b:   24 20 48 3b 07 7c 0b 75 6f 8b 47 08 39 44 24 28
0x00007ffd4f10cd7b:   7d 66 ff 15 b5 82 01 00 48 8b 0b 39 41 40 74 3e
0x00007ffd4f10cd8b:   48 8d 54 24 20 48 8b cf e8 e4 08 00 00 48 8b 0b
0x00007ffd4f10cd9b:   48 83 c1 08 8b d0 ff 15 19 86 01 00 84 c0 75 1e
0x00007ffd4f10cdab:   eb ac 48 8b f0 ff 15 82 82 01 00 39 46 40 74 0e
0x00007ffd4f10cdbb:   48 8d 4e 08 ff 15 f3 85 01 00 84 c0 74 1a 48 8b
0x00007ffd4f10cdcb:   03 ff 40 44 83 78 44 01 7e 2d 48 8b 03 f7 00 00
0x00007ffd4f10cddb:   01 00 00 75 2e ff 48 44 48 85 ff 74 13 48 83 3f 


Stack slot to memory mapping:
stack at sp + 0 slots: 0x000000007fffffff is an unknown value
stack at sp + 1 slots: 0x00007ffd60f4acb6 KERNEL32.DLL
stack at sp + 2 slots: 0x0 is NULL
stack at sp + 3 slots: 0x0 is NULL
stack at sp + 4 slots: 0x0 is NULL
stack at sp + 5 slots: 0x0 is NULL
stack at sp + 6 slots: 0x0000953334f795c6 is an unknown value
stack at sp + 7 slots: 0x00000205001f0003 is an unknown value


---------------  P R O C E S S  ---------------

Threads class SMR info:
_java_thread_list=0x00000205e6684aa0, length=32, elements={
0x00000205e27a41a0, 0x00000205e27a4c80, 0x00000205e27bfcf0, 0x00000205e27c2ac0,
0x00000205e27c3480, 0x00000205e27c5230, 0x00000205e27c91e0, 0x00000205e27d43c0,
0x00000205e3180b70, 0x00000205e3193750, 0x00000205e3198300, 0x00000205e319cb00,
0x00000205e32b2f10, 0x00000205e3dc2260, 0x00000205e3dc29a0, 0x00000205e7067ab0,
0x00000205e63903a0, 0x00000205e4a63f70, 0x00000205e6117d80, 0x00000205e9737fd0,
0x00000205e3f96b20, 0x00000205e3f96ff0, 0x00000205e3f97e60, 0x00000205e3f95cb0,
0x00000205e3f95310, 0x00000205e3f96650, 0x00000205e3f98330, 0x00000205e3f98800,
0x00000205e3f94e40, 0x00000205e705f7c0, 0x00000205e7063650, 0x00000205e7062cb0
}

Java Threads: ( => current thread )
  0x00000205e27a41a0 JavaThread "Reference Handler" daemon [_thread_blocked, id=15876, stack(0x000000a6b9600000,0x000000a6b9700000)]
  0x00000205e27a4c80 JavaThread "Finalizer" daemon [_thread_blocked, id=5800, stack(0x000000a6b9700000,0x000000a6b9800000)]
  0x00000205e27bfcf0 JavaThread "Signal Dispatcher" daemon [_thread_blocked, id=15580, stack(0x000000a6b9800000,0x000000a6b9900000)]
  0x00000205e27c2ac0 JavaThread "Attach Listener" daemon [_thread_blocked, id=11632, stack(0x000000a6b9900000,0x000000a6b9a00000)]
  0x00000205e27c3480 JavaThread "Service Thread" daemon [_thread_blocked, id=16516, stack(0x000000a6b9a00000,0x000000a6b9b00000)]
  0x00000205e27c5230 JavaThread "C2 CompilerThread0" daemon [_thread_in_native, id=4508, stack(0x000000a6b9b00000,0x000000a6b9c00000)]
  0x00000205e27c91e0 JavaThread "C1 CompilerThread0" daemon [_thread_blocked, id=13724, stack(0x000000a6b9c00000,0x000000a6b9d00000)]
  0x00000205e27d43c0 JavaThread "Sweeper thread" daemon [_thread_blocked, id=14664, stack(0x000000a6b9d00000,0x000000a6b9e00000)]
  0x00000205e3180b70 JavaThread "C1 CompilerThread1" daemon [_thread_blocked, id=2184, stack(0x000000a6b9e00000,0x000000a6b9f00000)]
  0x00000205e3193750 JavaThread "Notification Thread" daemon [_thread_blocked, id=18476, stack(0x000000a6b9f00000,0x000000a6ba000000)]
  0x00000205e3198300 JavaThread "Common-Cleaner" daemon [_thread_blocked, id=11500, stack(0x000000a6ba100000,0x000000a6ba200000)]
  0x00000205e319cb00 JavaThread "C2 CompilerThread1" daemon [_thread_blocked, id=13432, stack(0x000000a6ba200000,0x000000a6ba300000)]
  0x00000205e32b2f10 JavaThread "C2 CompilerThread2" daemon [_thread_in_native, id=16084, stack(0x000000a6ba300000,0x000000a6ba400000)]
  0x00000205e3dc2260 JavaThread "C1 CompilerThread2" daemon [_thread_blocked, id=532, stack(0x000000a6ba400000,0x000000a6ba500000)]
  0x00000205e3dc29a0 JavaThread "C1 CompilerThread3" daemon [_thread_blocked, id=10016, stack(0x000000a6ba500000,0x000000a6ba600000)]
  0x00000205e7067ab0 JavaThread "Catalina-utility-1" [_thread_blocked, id=4272, stack(0x000000a6bad00000,0x000000a6bae00000)]
  0x00000205e63903a0 JavaThread "Catalina-utility-2" [_thread_blocked, id=17400, stack(0x000000a6bae00000,0x000000a6baf00000)]
  0x00000205e4a63f70 JavaThread "container-0" [_thread_blocked, id=4584, stack(0x000000a6baf00000,0x000000a6bb000000)]
  0x00000205e6117d80 JavaThread "http-nio-8080-BlockPoller" daemon [_thread_in_native, id=2964, stack(0x000000a6bb300000,0x000000a6bb400000)]
  0x00000205e9737fd0 JavaThread "http-nio-8080-exec-1" daemon [_thread_blocked, id=13668, stack(0x000000a6bb400000,0x000000a6bb500000)]
=>0x00000205e3f96b20 JavaThread "http-nio-8080-exec-2" daemon [_thread_in_native, id=11164, stack(0x000000a6bb500000,0x000000a6bb600000)]
  0x00000205e3f96ff0 JavaThread "http-nio-8080-exec-3" daemon [_thread_blocked, id=16404, stack(0x000000a6bb600000,0x000000a6bb700000)]
  0x00000205e3f97e60 JavaThread "http-nio-8080-exec-4" daemon [_thread_blocked, id=18068, stack(0x000000a6bb700000,0x000000a6bb800000)]
  0x00000205e3f95cb0 JavaThread "http-nio-8080-exec-5" daemon [_thread_blocked, id=14920, stack(0x000000a6bb800000,0x000000a6bb900000)]
  0x00000205e3f95310 JavaThread "http-nio-8080-exec-6" daemon [_thread_blocked, id=13124, stack(0x000000a6bb900000,0x000000a6bba00000)]
  0x00000205e3f96650 JavaThread "http-nio-8080-exec-7" daemon [_thread_blocked, id=17776, stack(0x000000a6bba00000,0x000000a6bbb00000)]
  0x00000205e3f98330 JavaThread "http-nio-8080-exec-8" daemon [_thread_blocked, id=2316, stack(0x000000a6bbb00000,0x000000a6bbc00000)]
  0x00000205e3f98800 JavaThread "http-nio-8080-exec-9" daemon [_thread_blocked, id=12580, stack(0x000000a6bbc00000,0x000000a6bbd00000)]
  0x00000205e3f94e40 JavaThread "http-nio-8080-exec-10" daemon [_thread_blocked, id=17376, stack(0x000000a6bbd00000,0x000000a6bbe00000)]
  0x00000205e705f7c0 JavaThread "http-nio-8080-ClientPoller" daemon [_thread_in_native, id=18096, stack(0x000000a6bbe00000,0x000000a6bbf00000)]
  0x00000205e7063650 JavaThread "http-nio-8080-Acceptor" daemon [_thread_in_native, id=10464, stack(0x000000a6bbf00000,0x000000a6bc000000)]
  0x00000205e7062cb0 JavaThread "DestroyJavaVM" [_thread_blocked, id=13392, stack(0x000000a6b8f00000,0x000000a6b9000000)]

Other Threads:
  0x00000205e279b9e0 VMThread "VM Thread" [stack: 0x000000a6b9500000,0x000000a6b9600000] [id=9184]
  0x00000205e31a51e0 WatcherThread [stack: 0x000000a6ba000000,0x000000a6ba100000] [id=17192]
  0x00000205be643c40 GCTaskThread "GC Thread#0" [stack: 0x000000a6b9000000,0x000000a6b9100000] [id=18784]
  0x00000205e3904160 GCTaskThread "GC Thread#1" [stack: 0x000000a6ba600000,0x000000a6ba700000] [id=17908]
  0x00000205e3904490 GCTaskThread "GC Thread#2" [stack: 0x000000a6ba700000,0x000000a6ba800000] [id=19076]
  0x00000205e3904e20 GCTaskThread "GC Thread#3" [stack: 0x000000a6ba800000,0x000000a6ba900000] [id=19368]
  0x00000205e39057b0 GCTaskThread "GC Thread#4" [stack: 0x000000a6ba900000,0x000000a6baa00000] [id=14776]
  0x00000205e3905e10 GCTaskThread "GC Thread#5" [stack: 0x000000a6baa00000,0x000000a6bab00000] [id=16968]
  0x00000205e3904af0 GCTaskThread "GC Thread#6" [stack: 0x000000a6bb000000,0x000000a6bb100000] [id=17044]
  0x00000205e639ba10 GCTaskThread "GC Thread#7" [stack: 0x000000a6bb100000,0x000000a6bb200000] [id=6276]
  0x00000205be656c00 ConcurrentGCThread "G1 Main Marker" [stack: 0x000000a6b9100000,0x000000a6b9200000] [id=19036]
  0x00000205be657ea0 ConcurrentGCThread "G1 Conc#0" [stack: 0x000000a6b9200000,0x000000a6b9300000] [id=3464]
  0x00000205e39047c0 ConcurrentGCThread "G1 Conc#1" [stack: 0x000000a6bab00000,0x000000a6bac00000] [id=18232]
  0x00000205e3907130 ConcurrentGCThread "G1 Conc#2" [stack: 0x000000a6bac00000,0x000000a6bad00000] [id=3764]
  0x00000205be69e000 ConcurrentGCThread "G1 Refine#0" [stack: 0x000000a6b9300000,0x000000a6b9400000] [id=1120]
  0x00000205be69eb10 ConcurrentGCThread "G1 Young RemSet Sampling" [stack: 0x000000a6b9400000,0x000000a6b9500000] [id=8088]

Threads with active compile tasks:
C2 CompilerThread0     2338 3676       4       java.lang.invoke.MethodType::makeImpl (108 bytes)

VM state: not at safepoint (normal execution)

VM Mutex/Monitor currently owned by a thread: None

Heap address: 0x0000000700c00000, size: 4084 MB, Compressed Oops mode: Zero based, Oop shift amount: 3
CDS archive(s) mapped at: [0x0000000800000000-0x0000000800b50000-0x0000000800b50000), size 11862016, SharedBaseAddress: 0x0000000800000000, ArchiveRelocationMode: 0.
Compressed class space mapped at: 0x0000000800b50000-0x0000000840b50000, size: 1073741824
Narrow klass base: 0x0000000800000000, Narrow klass shift: 3, Narrow klass range: 0x100000000

GC Precious Log:
 CPUs: 16 total, 16 available
 Memory: 16335M
 Large Page Support: Disabled
 NUMA Support: Disabled
 Compressed Oops: Enabled (Zero based)
 Heap Region Size: 2M
 Heap Min Capacity: 8M
 Heap Initial Capacity: 256M
 Heap Max Capacity: 4084M
 Pre-touch: Disabled
 Parallel Workers: 13
 Concurrent Workers: 3
 Concurrent Refinement Workers: 13
 Periodic GC: Disabled

Heap:
 garbage-first heap   total 155648K, used 12652K [0x0000000700c00000, 0x0000000800000000)
  region size 2048K, 3 young (6144K), 2 survivors (4096K)
 Metaspace       used 28403K, capacity 28695K, committed 28848K, reserved 1075200K
  class space    used 3387K, capacity 3486K, committed 3584K, reserved 1048576K

Heap Regions: E=young(eden), S=young(survivor), O=old, HS=humongous(starts), HC=humongous(continues), CS=collection set, F=free, OA=open archive, CA=closed archive, TAMS=top-at-mark-start (previous, next)
|   0|0x0000000700c00000, 0x0000000700e00000, 0x0000000700e00000|100%| O|  |TAMS 0x0000000700e00000, 0x0000000700c00000| Untracked 
|   1|0x0000000700e00000, 0x0000000701000000, 0x0000000701000000|100%| O|  |TAMS 0x0000000701000000, 0x0000000700e00000| Untracked 
|   2|0x0000000701000000, 0x00000007010a2000, 0x0000000701200000| 31%| O|  |TAMS 0x00000007010a2000, 0x0000000701000000| Untracked 
|   3|0x0000000701200000, 0x0000000701400000, 0x0000000701400000|100%| O|  |TAMS 0x0000000701200000, 0x0000000701200000| Untracked 
|   4|0x0000000701400000, 0x0000000701600000, 0x0000000701600000|100%| O|  |TAMS 0x0000000701400000, 0x0000000701400000| Untracked 
|   5|0x0000000701600000, 0x0000000701625c00, 0x0000000701800000|  7%| O|  |TAMS 0x0000000701600000, 0x0000000701600000| Untracked 
|   6|0x0000000701800000, 0x0000000701800000, 0x0000000701a00000|  0%| F|  |TAMS 0x0000000701800000, 0x0000000701800000| Untracked 
|   7|0x0000000701a00000, 0x0000000701a00000, 0x0000000701c00000|  0%| F|  |TAMS 0x0000000701a00000, 0x0000000701a00000| Untracked 
|   8|0x0000000701c00000, 0x0000000701c00000, 0x0000000701e00000|  0%| F|  |TAMS 0x0000000701c00000, 0x0000000701c00000| Untracked 
|   9|0x0000000701e00000, 0x0000000701e00000, 0x0000000702000000|  0%| F|  |TAMS 0x0000000701e00000, 0x0000000701e00000| Untracked 
|  10|0x0000000702000000, 0x0000000702000000, 0x0000000702200000|  0%| F|  |TAMS 0x0000000702000000, 0x0000000702000000| Untracked 
|  11|0x0000000702200000, 0x0000000702200000, 0x0000000702400000|  0%| F|  |TAMS 0x0000000702200000, 0x0000000702200000| Untracked 
|  12|0x0000000702400000, 0x0000000702400000, 0x0000000702600000|  0%| F|  |TAMS 0x0000000702400000, 0x0000000702400000| Untracked 
|  13|0x0000000702600000, 0x0000000702793630, 0x0000000702800000| 78%| S|CS|TAMS 0x0000000702600000, 0x0000000702600000| Complete 
|  14|0x0000000702800000, 0x0000000702a00000, 0x0000000702a00000|100%| S|CS|TAMS 0x0000000702800000, 0x0000000702800000| Complete 
|  15|0x0000000702a00000, 0x0000000702a00000, 0x0000000702c00000|  0%| F|  |TAMS 0x0000000702a00000, 0x0000000702a00000| Untracked 
|  16|0x0000000702c00000, 0x0000000702c00000, 0x0000000702e00000|  0%| F|  |TAMS 0x0000000702c00000, 0x0000000702c00000| Untracked 
|  17|0x0000000702e00000, 0x0000000702e00000, 0x0000000703000000|  0%| F|  |TAMS 0x0000000702e00000, 0x0000000702e00000| Untracked 
|  18|0x0000000703000000, 0x0000000703000000, 0x0000000703200000|  0%| F|  |TAMS 0x0000000703000000, 0x0000000703000000| Untracked 
|  19|0x0000000703200000, 0x0000000703200000, 0x0000000703400000|  0%| F|  |TAMS 0x0000000703200000, 0x0000000703200000| Untracked 
|  20|0x0000000703400000, 0x0000000703400000, 0x0000000703600000|  0%| F|  |TAMS 0x0000000703400000, 0x0000000703400000| Untracked 
|  21|0x0000000703600000, 0x0000000703600000, 0x0000000703800000|  0%| F|  |TAMS 0x0000000703600000, 0x0000000703600000| Untracked 
|  22|0x0000000703800000, 0x0000000703800000, 0x0000000703a00000|  0%| F|  |TAMS 0x0000000703800000, 0x0000000703800000| Untracked 
|  23|0x0000000703a00000, 0x0000000703a00000, 0x0000000703c00000|  0%| F|  |TAMS 0x0000000703a00000, 0x0000000703a00000| Untracked 
|  24|0x0000000703c00000, 0x0000000703c00000, 0x0000000703e00000|  0%| F|  |TAMS 0x0000000703c00000, 0x0000000703c00000| Untracked 
|  25|0x0000000703e00000, 0x0000000703e00000, 0x0000000704000000|  0%| F|  |TAMS 0x0000000703e00000, 0x0000000703e00000| Untracked 
|  26|0x0000000704000000, 0x0000000704000000, 0x0000000704200000|  0%| F|  |TAMS 0x0000000704000000, 0x0000000704000000| Untracked 
|  27|0x0000000704200000, 0x0000000704200000, 0x0000000704400000|  0%| F|  |TAMS 0x0000000704200000, 0x0000000704200000| Untracked 
|  28|0x0000000704400000, 0x0000000704400000, 0x0000000704600000|  0%| F|  |TAMS 0x0000000704400000, 0x0000000704400000| Untracked 
|  29|0x0000000704600000, 0x0000000704600000, 0x0000000704800000|  0%| F|  |TAMS 0x0000000704600000, 0x0000000704600000| Untracked 
|  30|0x0000000704800000, 0x0000000704800000, 0x0000000704a00000|  0%| F|  |TAMS 0x0000000704800000, 0x0000000704800000| Untracked 
|  31|0x0000000704a00000, 0x0000000704a00000, 0x0000000704c00000|  0%| F|  |TAMS 0x0000000704a00000, 0x0000000704a00000| Untracked 
|  32|0x0000000704c00000, 0x0000000704c00000, 0x0000000704e00000|  0%| F|  |TAMS 0x0000000704c00000, 0x0000000704c00000| Untracked 
|  33|0x0000000704e00000, 0x0000000704e00000, 0x0000000705000000|  0%| F|  |TAMS 0x0000000704e00000, 0x0000000704e00000| Untracked 
|  34|0x0000000705000000, 0x0000000705000000, 0x0000000705200000|  0%| F|  |TAMS 0x0000000705000000, 0x0000000705000000| Untracked 
|  35|0x0000000705200000, 0x0000000705200000, 0x0000000705400000|  0%| F|  |TAMS 0x0000000705200000, 0x0000000705200000| Untracked 
|  36|0x0000000705400000, 0x0000000705400000, 0x0000000705600000|  0%| F|  |TAMS 0x0000000705400000, 0x0000000705400000| Untracked 
|  37|0x0000000705600000, 0x0000000705600000, 0x0000000705800000|  0%| F|  |TAMS 0x0000000705600000, 0x0000000705600000| Untracked 
|  38|0x0000000705800000, 0x0000000705800000, 0x0000000705a00000|  0%| F|  |TAMS 0x0000000705800000, 0x0000000705800000| Untracked 
|  39|0x0000000705a00000, 0x0000000705a00000, 0x0000000705c00000|  0%| F|  |TAMS 0x0000000705a00000, 0x0000000705a00000| Untracked 
|  40|0x0000000705c00000, 0x0000000705c00000, 0x0000000705e00000|  0%| F|  |TAMS 0x0000000705c00000, 0x0000000705c00000| Untracked 
|  41|0x0000000705e00000, 0x0000000705e00000, 0x0000000706000000|  0%| F|  |TAMS 0x0000000705e00000, 0x0000000705e00000| Untracked 
|  42|0x0000000706000000, 0x0000000706000000, 0x0000000706200000|  0%| F|  |TAMS 0x0000000706000000, 0x0000000706000000| Untracked 
|  43|0x0000000706200000, 0x0000000706200000, 0x0000000706400000|  0%| F|  |TAMS 0x0000000706200000, 0x0000000706200000| Untracked 
|  44|0x0000000706400000, 0x0000000706400000, 0x0000000706600000|  0%| F|  |TAMS 0x0000000706400000, 0x0000000706400000| Untracked 
|  45|0x0000000706600000, 0x0000000706600000, 0x0000000706800000|  0%| F|  |TAMS 0x0000000706600000, 0x0000000706600000| Untracked 
|  46|0x0000000706800000, 0x0000000706800000, 0x0000000706a00000|  0%| F|  |TAMS 0x0000000706800000, 0x0000000706800000| Untracked 
|  47|0x0000000706a00000, 0x0000000706a00000, 0x0000000706c00000|  0%| F|  |TAMS 0x0000000706a00000, 0x0000000706a00000| Untracked 
|  48|0x0000000706c00000, 0x0000000706c00000, 0x0000000706e00000|  0%| F|  |TAMS 0x0000000706c00000, 0x0000000706c00000| Untracked 
|  49|0x0000000706e00000, 0x0000000706e00000, 0x0000000707000000|  0%| F|  |TAMS 0x0000000706e00000, 0x0000000706e00000| Untracked 
|  50|0x0000000707000000, 0x0000000707000000, 0x0000000707200000|  0%| F|  |TAMS 0x0000000707000000, 0x0000000707000000| Untracked 
|  51|0x0000000707200000, 0x0000000707200000, 0x0000000707400000|  0%| F|  |TAMS 0x0000000707200000, 0x0000000707200000| Untracked 
|  52|0x0000000707400000, 0x0000000707400000, 0x0000000707600000|  0%| F|  |TAMS 0x0000000707400000, 0x0000000707400000| Untracked 
|  53|0x0000000707600000, 0x0000000707600000, 0x0000000707800000|  0%| F|  |TAMS 0x0000000707600000, 0x0000000707600000| Untracked 
|  54|0x0000000707800000, 0x0000000707800000, 0x0000000707a00000|  0%| F|  |TAMS 0x0000000707800000, 0x0000000707800000| Untracked 
|  55|0x0000000707a00000, 0x0000000707a00000, 0x0000000707c00000|  0%| F|  |TAMS 0x0000000707a00000, 0x0000000707a00000| Untracked 
|  56|0x0000000707c00000, 0x0000000707c00000, 0x0000000707e00000|  0%| F|  |TAMS 0x0000000707c00000, 0x0000000707c00000| Untracked 
|  57|0x0000000707e00000, 0x0000000707e00000, 0x0000000708000000|  0%| F|  |TAMS 0x0000000707e00000, 0x0000000707e00000| Untracked 
|  58|0x0000000708000000, 0x0000000708000000, 0x0000000708200000|  0%| F|  |TAMS 0x0000000708000000, 0x0000000708000000| Untracked 
|  59|0x0000000708200000, 0x0000000708200000, 0x0000000708400000|  0%| F|  |TAMS 0x0000000708200000, 0x0000000708200000| Untracked 
|  60|0x0000000708400000, 0x0000000708400000, 0x0000000708600000|  0%| F|  |TAMS 0x0000000708400000, 0x0000000708400000| Untracked 
|  61|0x0000000708600000, 0x0000000708600000, 0x0000000708800000|  0%| F|  |TAMS 0x0000000708600000, 0x0000000708600000| Untracked 
|  62|0x0000000708800000, 0x0000000708800000, 0x0000000708a00000|  0%| F|  |TAMS 0x0000000708800000, 0x0000000708800000| Untracked 
|  63|0x0000000708a00000, 0x0000000708a00000, 0x0000000708c00000|  0%| F|  |TAMS 0x0000000708a00000, 0x0000000708a00000| Untracked 
|  64|0x0000000708c00000, 0x0000000708c00000, 0x0000000708e00000|  0%| F|  |TAMS 0x0000000708c00000, 0x0000000708c00000| Untracked 
|  65|0x0000000708e00000, 0x0000000708e00000, 0x0000000709000000|  0%| F|  |TAMS 0x0000000708e00000, 0x0000000708e00000| Untracked 
|  66|0x0000000709000000, 0x0000000709000000, 0x0000000709200000|  0%| F|  |TAMS 0x0000000709000000, 0x0000000709000000| Untracked 
|  67|0x0000000709200000, 0x0000000709200000, 0x0000000709400000|  0%| F|  |TAMS 0x0000000709200000, 0x0000000709200000| Untracked 
|  68|0x0000000709400000, 0x0000000709400000, 0x0000000709600000|  0%| F|  |TAMS 0x0000000709400000, 0x0000000709400000| Untracked 
|  69|0x0000000709600000, 0x0000000709600000, 0x0000000709800000|  0%| F|  |TAMS 0x0000000709600000, 0x0000000709600000| Untracked 
|  70|0x0000000709800000, 0x0000000709800000, 0x0000000709a00000|  0%| F|  |TAMS 0x0000000709800000, 0x0000000709800000| Untracked 
|  71|0x0000000709a00000, 0x0000000709a00000, 0x0000000709c00000|  0%| F|  |TAMS 0x0000000709a00000, 0x0000000709a00000| Untracked 
|  97|0x000000070ce00000, 0x000000070ce00000, 0x000000070d000000|  0%| F|  |TAMS 0x000000070ce00000, 0x000000070ce00000| Untracked 
|  98|0x000000070d000000, 0x000000070d000000, 0x000000070d200000|  0%| F|  |TAMS 0x000000070d000000, 0x000000070d000000| Untracked 
|  99|0x000000070d200000, 0x000000070d200000, 0x000000070d400000|  0%| F|  |TAMS 0x000000070d200000, 0x000000070d200000| Untracked 
| 127|0x0000000710a00000, 0x0000000710babe50, 0x0000000710c00000| 83%| E|  |TAMS 0x0000000710a00000, 0x0000000710a00000| Complete 

Card table byte_map: [0x00000205d6880000,0x00000205d7080000] _byte_map_base: 0x00000205d307a000

Marking Bits (Prev, Next): (CMBitMap*) 0x00000205be6463a0, (CMBitMap*) 0x00000205be646360
 Prev Bits: [0x00000205db850000, 0x00000205df820000)
 Next Bits: [0x00000205d7880000, 0x00000205db850000)

Polling page: 0x00000205bc510000

Metaspace:

Usage:
  Non-class:     24.62 MB capacity,    24.43 MB (>99%) used,   150.84 KB ( <1%) free+waste,    42.56 KB ( <1%) overhead. 
      Class:      3.40 MB capacity,     3.31 MB ( 97%) used,    81.15 KB (  2%) free+waste,    16.88 KB ( <1%) overhead. 
       Both:     28.02 MB capacity,    27.74 MB ( 99%) used,   231.98 KB ( <1%) free+waste,    59.44 KB ( <1%) overhead. 

Virtual space:
  Non-class space:       26.00 MB reserved,      24.67 MB ( 95%) committed 
      Class space:        1.00 GB reserved,       3.50 MB ( <1%) committed 
             Both:        1.03 GB reserved,      28.17 MB (  3%) committed 

Chunk freelists:
   Non-Class:  55.00 KB
       Class:  2.00 KB
        Both:  57.00 KB

MaxMetaspaceSize: 17179869184.00 GB
CompressedClassSpaceSize: 1.00 GB

CodeHeap 'non-profiled nmethods': size=119168Kb used=2164Kb max_used=2164Kb free=117003Kb
 bounds [0x00000205ce390000, 0x00000205ce600000, 0x00000205d57f0000]
CodeHeap 'profiled nmethods': size=119104Kb used=7907Kb max_used=7907Kb free=111196Kb
 bounds [0x00000205c6f40000, 0x00000205c7700000, 0x00000205ce390000]
CodeHeap 'non-nmethods': size=7488Kb used=2934Kb max_used=2970Kb free=4553Kb
 bounds [0x00000205c67f0000, 0x00000205c6ae0000, 0x00000205c6f40000]
 total_blobs=4215 nmethods=3699 adapters=424
 compilation: enabled
              stopped_count=0, restarted_count=0
 full_count=0

Compilation events (20 events):
Event: 2.291 Thread 0x00000205e3dc29a0 3678   !   3       com.sun.proxy.$Proxy8::attribute (29 bytes)
Event: 2.291 Thread 0x00000205e3dc2260 nmethod 3677 0x00000205ce5a5b10 code [0x00000205ce5a5ca0, 0x00000205ce5a5d58]
Event: 2.291 Thread 0x00000205e3180b70 3679       3       java.util.LinkedHashSet::<init> (27 bytes)
Event: 2.292 Thread 0x00000205e27c91e0 3680       3       org.springframework.core.annotation.AnnotationsScanner::getDeclaredAnnotations (166 bytes)
Event: 2.292 Thread 0x00000205e3dc29a0 nmethod 3678 0x00000205c76f0310 code [0x00000205c76f04e0, 0x00000205c76f08f8]
Event: 2.292 Thread 0x00000205e3180b70 nmethod 3679 0x00000205c76f0a90 code [0x00000205c76f0c80, 0x00000205c76f1008]
Event: 2.292 Thread 0x00000205e27c91e0 nmethod 3680 0x00000205c76f1190 code [0x00000205c76f1480, 0x00000205c76f2a18]
Event: 2.298 Thread 0x00000205e27c91e0 3681       3       ch.qos.logback.classic.Logger::createChildByName (128 bytes)
Event: 2.299 Thread 0x00000205e27c91e0 nmethod 3681 0x00000205c76f2f10 code [0x00000205c76f3240, 0x00000205c76f44d8]
Event: 2.300 Thread 0x00000205e32b2f10 nmethod 3670% 0x00000205ce5a5e10 code [0x00000205ce5a6040, 0x00000205ce5a7600]
Event: 2.300 Thread 0x00000205e27c91e0 3682       3       java.lang.invoke.MethodTypeForm::findForm (25 bytes)
Event: 2.300 Thread 0x00000205e3dc2260 3683       3       java.lang.invoke.MethodType::checkRtype (6 bytes)
Event: 2.300 Thread 0x00000205e32b2f10 3684 %     4       jdk.internal.org.objectweb.asm.ClassReader::readUtf @ 18 (161 bytes)
Event: 2.300 Thread 0x00000205e27c91e0 nmethod 3682 0x00000205c76f4b10 code [0x00000205c76f4cc0, 0x00000205c76f4ef8]
Event: 2.300 Thread 0x00000205e3dc2260 nmethod 3683 0x00000205c76f5010 code [0x00000205c76f51c0, 0x00000205c76f5408]
Event: 2.304 Thread 0x00000205e3180b70 3685   !   3       org.apache.tomcat.util.http.parser.HttpParser::isToken (9 bytes)
Event: 2.305 Thread 0x00000205e3180b70 nmethod 3685 0x00000205c76f5510 code [0x00000205c76f56a0, 0x00000205c76f57d8]
Event: 2.305 Thread 0x00000205e3dc29a0 3686       3       java.lang.Package::<init> (47 bytes)
Event: 2.305 Thread 0x00000205e3dc29a0 nmethod 3686 0x00000205c76f5910 code [0x00000205c76f5b00, 0x00000205c76f5f68]
Event: 2.307 Thread 0x00000205e32b2f10 nmethod 3684% 0x00000205ce5a8290 code [0x00000205ce5a8440, 0x00000205ce5a8cd8]

GC Heap History (10 events):
Event: 0.495 GC heap before
{Heap before GC invocations=0 (full 0):
 garbage-first heap   total 262144K, used 22528K [0x0000000700c00000, 0x0000000800000000)
  region size 2048K, 11 young (22528K), 0 survivors (0K)
 Metaspace       used 5894K, capacity 7557K, committed 7808K, reserved 1056768K
  class space    used 668K, capacity 813K, committed 896K, reserved 1048576K
}
Event: 0.499 GC heap after
{Heap after GC invocations=1 (full 0):
 garbage-first heap   total 262144K, used 4800K [0x0000000700c00000, 0x0000000800000000)
  region size 2048K, 2 young (4096K), 2 survivors (4096K)
 Metaspace       used 5894K, capacity 7557K, committed 7808K, reserved 1056768K
  class space    used 668K, capacity 813K, committed 896K, reserved 1048576K
}
Event: 0.740 GC heap before
{Heap before GC invocations=1 (full 0):
 garbage-first heap   total 262144K, used 27327K [0x0000000700c00000, 0x0000000800000000)
  region size 2048K, 14 young (28672K), 2 survivors (4096K)
 Metaspace       used 11910K, capacity 12475K, committed 12800K, reserved 1060864K
  class space    used 1390K, capacity 1429K, committed 1536K, reserved 1048576K
}
Event: 0.744 GC heap after
{Heap after GC invocations=2 (full 0):
 garbage-first heap   total 262144K, used 6147K [0x0000000700c00000, 0x0000000800000000)
  region size 2048K, 1 young (2048K), 1 survivors (2048K)
 Metaspace       used 11910K, capacity 12475K, committed 12800K, reserved 1060864K
  class space    used 1390K, capacity 1429K, committed 1536K, reserved 1048576K
}
Event: 1.500 GC heap before
{Heap before GC invocations=2 (full 0):
 garbage-first heap   total 262144K, used 59395K [0x0000000700c00000, 0x0000000800000000)
  region size 2048K, 28 young (57344K), 1 survivors (2048K)
 Metaspace       used 20839K, capacity 21124K, committed 21296K, reserved 1069056K
  class space    used 2510K, capacity 2614K, committed 2688K, reserved 1048576K
}
Event: 1.504 GC heap after
{Heap after GC invocations=3 (full 0):
 garbage-first heap   total 262144K, used 9223K [0x0000000700c00000, 0x0000000800000000)
  region size 2048K, 3 young (6144K), 3 survivors (6144K)
 Metaspace       used 20839K, capacity 21124K, committed 21296K, reserved 1069056K
  class space    used 2510K, capacity 2614K, committed 2688K, reserved 1048576K
}
Event: 1.828 GC heap before
{Heap before GC invocations=4 (full 0):
 garbage-first heap   total 49152K, used 31751K [0x0000000700c00000, 0x0000000800000000)
  region size 2048K, 14 young (28672K), 3 survivors (6144K)
 Metaspace       used 24091K, capacity 24467K, committed 24752K, reserved 1071104K
  class space    used 2858K, capacity 2976K, committed 3072K, reserved 1048576K
}
Event: 1.832 GC heap after
{Heap after GC invocations=5 (full 0):
 garbage-first heap   total 49152K, used 11006K [0x0000000700c00000, 0x0000000800000000)
  region size 2048K, 1 young (2048K), 1 survivors (2048K)
 Metaspace       used 24091K, capacity 24467K, committed 24752K, reserved 1071104K
  class space    used 2858K, capacity 2976K, committed 3072K, reserved 1048576K
}
Event: 2.293 GC heap before
{Heap before GC invocations=5 (full 0):
 garbage-first heap   total 49152K, used 27390K [0x0000000700c00000, 0x0000000800000000)
  region size 2048K, 10 young (20480K), 1 survivors (2048K)
 Metaspace       used 28100K, capacity 28433K, committed 28592K, reserved 1075200K
  class space    used 3358K, capacity 3484K, committed 3584K, reserved 1048576K
}
Event: 2.296 GC heap after
{Heap after GC invocations=6 (full 0):
 garbage-first heap   total 155648K, used 12652K [0x0000000700c00000, 0x0000000800000000)
  region size 2048K, 2 young (4096K), 2 survivors (4096K)
 Metaspace       used 28100K, capacity 28433K, committed 28592K, reserved 1075200K
  class space    used 3358K, capacity 3484K, committed 3584K, reserved 1048576K
}

Deoptimization events (20 events):
Event: 2.083 Thread 0x00000205be5f0820 Uncommon trap: trap_request=0xffffff45 fr.pc=0x00000205ce54765c relative=0x000000000000005c
Event: 2.083 Thread 0x00000205be5f0820 Uncommon trap: reason=unstable_if action=reinterpret pc=0x00000205ce54765c method=org.springframework.util.ConcurrentReferenceHashMap$Segment.clear()V @ 7 c2
Event: 2.083 Thread 0x00000205be5f0820 DEOPT PACKING pc=0x00000205ce54765c sp=0x000000a6b8ffe820
Event: 2.083 Thread 0x00000205be5f0820 DEOPT UNPACKING pc=0x00000205c683e42f sp=0x000000a6b8ffe7b0 mode 2
Event: 2.272 Thread 0x00000205e3f96b20 Uncommon trap: trap_request=0xffffff45 fr.pc=0x00000205ce45d4f8 relative=0x0000000000000d58
Event: 2.272 Thread 0x00000205e3f96b20 Uncommon trap: reason=unstable_if action=reinterpret pc=0x00000205ce45d4f8 method=java.util.concurrent.ConcurrentHashMap.putVal(Ljava/lang/Object;Ljava/lang/Object;Z)Ljava/lang/Object; @ 97 c2
Event: 2.272 Thread 0x00000205e3f96b20 DEOPT PACKING pc=0x00000205ce45d4f8 sp=0x000000a6bb5fdbd0
Event: 2.272 Thread 0x00000205e3f96b20 DEOPT UNPACKING pc=0x00000205c683e42f sp=0x000000a6bb5fdb58 mode 2
Event: 2.286 Thread 0x00000205e3f96b20 Uncommon trap: trap_request=0xffffff54 fr.pc=0x00000205ce51f180 relative=0x00000000000051e0
Event: 2.286 Thread 0x00000205e3f96b20 Uncommon trap: reason=speculate_null_assert action=make_not_entrant pc=0x00000205ce51f180 method=java.lang.invoke.MethodType$ConcurrentWeakInternSet.add(Ljava/lang/Object;)Ljava/lang/Object; @ 47 c2
Event: 2.286 Thread 0x00000205e3f96b20 DEOPT PACKING pc=0x00000205ce51f180 sp=0x000000a6bb5fcdf0
Event: 2.286 Thread 0x00000205e3f96b20 DEOPT UNPACKING pc=0x00000205c683e42f sp=0x000000a6bb5fcd98 mode 2
Event: 2.291 Thread 0x00000205e3f96b20 Uncommon trap: trap_request=0xffffff45 fr.pc=0x00000205ce57dfa4 relative=0x00000000000012e4
Event: 2.291 Thread 0x00000205e3f96b20 Uncommon trap: reason=unstable_if action=reinterpret pc=0x00000205ce57dfa4 method=org.springframework.util.ConcurrentReferenceHashMap$Segment.doTask(ILjava/lang/Object;Lorg/springframework/util/ConcurrentReferenceHashMap$Task;)Ljava/lang/Object; @ 89 c2
Event: 2.291 Thread 0x00000205e3f96b20 DEOPT PACKING pc=0x00000205ce57dfa4 sp=0x000000a6bb5fd0b0
Event: 2.291 Thread 0x00000205e3f96b20 DEOPT UNPACKING pc=0x00000205c683e42f sp=0x000000a6bb5fced0 mode 2
Event: 2.292 Thread 0x00000205e3f96b20 Uncommon trap: trap_request=0xffffff45 fr.pc=0x00000205ce55d92c relative=0x00000000000000ec
Event: 2.292 Thread 0x00000205e3f96b20 Uncommon trap: reason=unstable_if action=reinterpret pc=0x00000205ce55d92c method=java.util.concurrent.ConcurrentMap.computeIfAbsent(Ljava/lang/Object;Ljava/util/function/Function;)Ljava/lang/Object; @ 41 c2
Event: 2.292 Thread 0x00000205e3f96b20 DEOPT PACKING pc=0x00000205ce55d92c sp=0x000000a6bb5fcc80
Event: 2.292 Thread 0x00000205e3f96b20 DEOPT UNPACKING pc=0x00000205c683e42f sp=0x000000a6bb5fcc08 mode 2

Classes unloaded (0 events):
No events

Classes redefined (0 events):
No events

Internal exceptions (20 events):
Event: 1.722 Thread 0x00000205be5f0820 Exception <a 'java/io/FileNotFoundException'{0x0000000702493e50}> (0x0000000702493e50) 
thrown [./open/src/hotspot/share/prims/jni.cpp, line 578]
Event: 1.768 Thread 0x00000205be5f0820 Exception <a 'java/lang/ClassNotFoundException'{0x00000007022e0f18}: java/lang/ObjectCustomizer> (0x00000007022e0f18) 
thrown [./open/src/hotspot/share/classfile/systemDictionary.cpp, line 295]
Event: 1.769 Thread 0x00000205be5f0820 Exception <a 'java/lang/ClassNotFoundException'{0x00000007022e7fd0}: org/springframework/web/servlet/config/annotation/WebMvcConfigurationSupportCustomizer> (0x00000007022e7fd0) 
thrown [./open/src/hotspot/share/classfile/systemDictionary.cpp, line 295]
Event: 1.770 Thread 0x00000205be5f0820 Exception <a 'java/lang/ClassNotFoundException'{0x00000007022fad00}: org/springframework/web/servlet/config/annotation/DelegatingWebMvcConfigurationCustomizer> (0x00000007022fad00) 
thrown [./open/src/hotspot/share/classfile/systemDictionary.cpp, line 295]
Event: 1.771 Thread 0x00000205be5f0820 Exception <a 'java/lang/ClassNotFoundException'{0x00000007023038a0}: org/springframework/boot/autoconfigure/web/servlet/WebMvcAutoConfiguration$EnableWebMvcConfigurationCustomizer> (0x00000007023038a0) 
thrown [./open/src/hotspot/share/classfile/systemDictionary.cpp, line 295]
Event: 1.772 Thread 0x00000205be5f0820 Exception <a 'java/lang/ClassNotFoundException'{0x0000000702316030}: org/springframework/context/ResourceLoaderAwareCustomizer> (0x0000000702316030) 
thrown [./open/src/hotspot/share/classfile/systemDictionary.cpp, line 295]
Event: 1.772 Thread 0x00000205be5f0820 Exception <a 'java/lang/ClassNotFoundException'{0x000000070231a448}: org/springframework/beans/factory/AwareCustomizer> (0x000000070231a448) 
thrown [./open/src/hotspot/share/classfile/systemDictionary.cpp, line 295]
Event: 1.772 Thread 0x00000205be5f0820 Exception <a 'java/lang/ClassNotFoundException'{0x000000070231dc10}: org/springframework/context/ApplicationContextAwareCustomizer> (0x000000070231dc10) 
thrown [./open/src/hotspot/share/classfile/systemDictionary.cpp, line 295]
Event: 1.773 Thread 0x00000205be5f0820 Exception <a 'java/lang/ClassNotFoundException'{0x0000000702322c08}: org/springframework/beans/factory/AwareCustomizer> (0x0000000702322c08) 
thrown [./open/src/hotspot/share/classfile/systemDictionary.cpp, line 295]
Event: 1.773 Thread 0x00000205be5f0820 Exception <a 'java/lang/ClassNotFoundException'{0x00000007023263a8}: org/springframework/web/context/ServletContextAwareCustomizer> (0x00000007023263a8) 
thrown [./open/src/hotspot/share/classfile/systemDictionary.cpp, line 295]
Event: 1.773 Thread 0x00000205be5f0820 Exception <a 'java/lang/ClassNotFoundException'{0x000000070232ac28}: org/springframework/beans/factory/AwareCustomizer> (0x000000070232ac28) 
thrown [./open/src/hotspot/share/classfile/systemDictionary.cpp, line 295]
Event: 1.783 Thread 0x00000205be5f0820 Exception <a 'java/lang/NoSuchMethodError'{0x0000000702398ef0}: 'void java.lang.invoke.DirectMethodHandle$Holder.invokeVirtual(java.lang.Object, java.lang.Object, java.lang.Object, java.lang.Object)'> (0x0000000702398ef0) 
thrown [./open/src/hotspot/share/interpreter/linkResolver.cpp, line 782]
Event: 1.857 Thread 0x00000205be5f0820 Exception <a 'java/lang/NoSuchMethodError'{0x0000000710b7be38}: 'void java.lang.invoke.DirectMethodHandle$Holder.invokeVirtual(java.lang.Object, java.lang.Object, int)'> (0x0000000710b7be38) 
thrown [./open/src/hotspot/share/interpreter/linkResolver.cpp, line 782]
Event: 1.858 Thread 0x00000205be5f0820 Exception <a 'java/lang/NoSuchMethodError'{0x0000000710b98138}: 'void java.lang.invoke.DirectMethodHandle$Holder.invokeVirtual(java.lang.Object, java.lang.Object, long)'> (0x0000000710b98138) 
thrown [./open/src/hotspot/share/interpreter/linkResolver.cpp, line 782]
Event: 1.949 Thread 0x00000205be5f0820 Exception <a 'java/lang/IncompatibleClassChangeError'{0x000000070ced1170}: Found class java.lang.Object, but interface was expected> (0x000000070ced1170) 
thrown [./open/src/hotspot/share/interpreter/linkResolver.cpp, line 848]
Event: 1.978 Thread 0x00000205be5f0820 Exception <a 'java/lang/NoSuchMethodError'{0x000000070322b1c8}: 'int java.lang.invoke.DirectMethodHandle$Holder.invokeStaticInit(java.lang.Object, java.lang.Object, java.lang.Object, java.lang.Object)'> (0x000000070322b1c8) 
thrown [./open/src/hotspot/share/interpreter/linkResolver.cpp, line 782]
Event: 2.049 Thread 0x00000205be5f0820 Exception <a 'java/lang/NoSuchMethodError'{0x00000007031ff828}: 'java.lang.Object java.lang.invoke.DirectMethodHandle$Holder.invokeSpecial(java.lang.Object, java.lang.Object, int, java.lang.Object, int, java.lang.Object)'> (0x00000007031ff828) 
thrown [./open/src/hotspot/share/interpreter/linkResolver.cpp, line 782]
Event: 2.049 Thread 0x00000205be5f0820 Exception <a 'java/lang/NoSuchMethodError'{0x0000000702e08578}: 'java.lang.Object java.lang.invoke.DirectMethodHandle$Holder.newInvokeSpecial(java.lang.Object, java.lang.Object, int, java.lang.Object, int)'> (0x0000000702e08578) 
thrown [./open/src/hotspot/share/interpreter/linkResolver.cpp, line 782]
Event: 2.049 Thread 0x00000205be5f0820 Exception <a 'java/lang/NoSuchMethodError'{0x0000000702e0c788}: 'java.lang.Object java.lang.invoke.DirectMethodHandle$Holder.invokeSpecial(java.lang.Object, java.lang.Object, java.lang.Object, int, java.lang.Object, int)'> (0x0000000702e0c788) 
thrown [./open/src/hotspot/share/interpreter/linkResolver.cpp, line 782]
Event: 2.050 Thread 0x00000205be5f0820 Exception <a 'java/lang/NoSuchMethodError'{0x0000000702e174b8}: 'void java.lang.invoke.DirectMethodHandle$Holder.invokeVirtual(java.lang.Object, java.lang.Object)'> (0x0000000702e174b8) 
thrown [./open/src/hotspot/share/interpreter/linkResolver.cpp, line 782]

Events (20 events):
Event: 2.260 loading class sun/nio/cs/ThreadLocalCoders$Cache
Event: 2.260 loading class sun/nio/cs/ThreadLocalCoders$Cache done
Event: 2.260 loading class sun/nio/cs/ThreadLocalCoders$1 done
Event: 2.260 loading class sun/nio/cs/ThreadLocalCoders$2
Event: 2.260 loading class sun/nio/cs/ThreadLocalCoders$2 done
Event: 2.260 loading class sun/nio/cs/ISO_8859_1$Decoder
Event: 2.260 loading class sun/nio/cs/ISO_8859_1$Decoder done
Event: 2.264 Executing VM operation: HandshakeAllThreads
Event: 2.264 Executing VM operation: HandshakeAllThreads done
Event: 2.275 loading class java/util/concurrent/locks/ReentrantReadWriteLock$Sync$HoldCounter
Event: 2.275 loading class java/util/concurrent/locks/ReentrantReadWriteLock$Sync$HoldCounter done
Event: 2.293 Executing VM operation: G1CollectForAllocation
Event: 2.296 Executing VM operation: G1CollectForAllocation done
Event: 2.296 Executing VM operation: HandshakeAllThreads
Event: 2.296 Executing VM operation: HandshakeAllThreads done
Event: 2.305 loading class java/awt/image/RenderedImage
Event: 2.305 loading class java/awt/image/RenderedImage done
Event: 2.306 Executing VM operation: HandshakeAllThreads
Event: 2.306 Executing VM operation: HandshakeAllThreads done
Event: 2.309 Loaded shared library C:\Users\thoma\Documents\Projets\HandyHand\lib\native\LeapJava.dll


Dynamic libraries:
0x00007ff6cc6b0000 - 0x00007ff6cc6bd000 	C:\Users\thoma\Documents\java\jdk-15.0.1\bin\java.exe
0x00007ffd62740000 - 0x00007ffd62930000 	C:\Windows\SYSTEM32\ntdll.dll
0x00007ffd60f30000 - 0x00007ffd60fe2000 	C:\Windows\System32\KERNEL32.DLL
0x00007ffd601d0000 - 0x00007ffd60475000 	C:\Windows\System32\KERNELBASE.dll
0x00007ffd600d0000 - 0x00007ffd601ca000 	C:\Windows\System32\ucrtbase.dll
0x00007ffd4e310000 - 0x00007ffd4e328000 	C:\Users\thoma\Documents\java\jdk-15.0.1\bin\jli.dll
0x00007ffd4e2f0000 - 0x00007ffd4e309000 	C:\Users\thoma\Documents\java\jdk-15.0.1\bin\VCRUNTIME140.dll
0x00007ffd607f0000 - 0x00007ffd60984000 	C:\Windows\System32\USER32.dll
0x00007ffd600a0000 - 0x00007ffd600c1000 	C:\Windows\System32\win32u.dll
0x00007ffd61c30000 - 0x00007ffd61c56000 	C:\Windows\System32\GDI32.dll
0x00007ffd4b940000 - 0x00007ffd4bbc4000 	C:\Windows\WinSxS\amd64_microsoft.windows.common-controls_6595b64144ccf1df_6.0.18362.1316_none_9e7a364fe461dbd7\COMCTL32.dll
0x00007ffd60530000 - 0x00007ffd606c8000 	C:\Windows\System32\gdi32full.dll
0x00007ffd606d0000 - 0x00007ffd6076e000 	C:\Windows\System32\msvcp_win.dll
0x00007ffd60a20000 - 0x00007ffd60abe000 	C:\Windows\System32\msvcrt.dll
0x00007ffd623c0000 - 0x00007ffd626f7000 	C:\Windows\System32\combase.dll
0x00007ffd617d0000 - 0x00007ffd618ef000 	C:\Windows\System32\RPCRT4.dll
0x00007ffd5f890000 - 0x00007ffd5f911000 	C:\Windows\System32\bcryptPrimitives.dll
0x00007ffd616f0000 - 0x00007ffd6171e000 	C:\Windows\System32\IMM32.DLL
0x00007ffd53840000 - 0x00007ffd5384c000 	C:\Users\thoma\Documents\java\jdk-15.0.1\bin\vcruntime140_1.dll
0x00007ffd34200000 - 0x00007ffd34291000 	C:\Users\thoma\Documents\java\jdk-15.0.1\bin\msvcp140.dll
0x00007ffd07c80000 - 0x00007ffd087de000 	C:\Users\thoma\Documents\java\jdk-15.0.1\bin\server\jvm.dll
0x00007ffd61000000 - 0x00007ffd610a3000 	C:\Windows\System32\ADVAPI32.dll
0x00007ffd619c0000 - 0x00007ffd61a57000 	C:\Windows\System32\sechost.dll
0x00007ffd60a00000 - 0x00007ffd60a08000 	C:\Windows\System32\PSAPI.DLL
0x00007ffd5bfe0000 - 0x00007ffd5bfe9000 	C:\Windows\SYSTEM32\WSOCK32.dll
0x00007ffd5d570000 - 0x00007ffd5d594000 	C:\Windows\SYSTEM32\WINMM.dll
0x00007ffd56430000 - 0x00007ffd5643a000 	C:\Windows\SYSTEM32\VERSION.dll
0x00007ffd61c60000 - 0x00007ffd61ccf000 	C:\Windows\System32\WS2_32.dll
0x00007ffd5d540000 - 0x00007ffd5d56d000 	C:\Windows\SYSTEM32\winmmbase.dll
0x00007ffd5f6c0000 - 0x00007ffd5f70a000 	C:\Windows\System32\cfgmgr32.dll
0x00007ffd5f650000 - 0x00007ffd5f661000 	C:\Windows\System32\kernel.appcore.dll
0x00007ffd4f260000 - 0x00007ffd4f26a000 	C:\Users\thoma\Documents\java\jdk-15.0.1\bin\jimage.dll
0x00007ffd558b0000 - 0x00007ffd55aa4000 	C:\Windows\SYSTEM32\DBGHELP.DLL
0x00007ffd4d2f0000 - 0x00007ffd4d31a000 	C:\Windows\SYSTEM32\dbgcore.DLL
0x00007ffd4e250000 - 0x00007ffd4e275000 	C:\Users\thoma\Documents\java\jdk-15.0.1\bin\java.dll
0x00007ffd61cd0000 - 0x00007ffd623b8000 	C:\Windows\System32\SHELL32.dll
0x00007ffd61430000 - 0x00007ffd614d7000 	C:\Windows\System32\shcore.dll
0x00007ffd5f920000 - 0x00007ffd6009b000 	C:\Windows\System32\windows.storage.dll
0x00007ffd5f600000 - 0x00007ffd5f623000 	C:\Windows\System32\profapi.dll
0x00007ffd5f670000 - 0x00007ffd5f6ba000 	C:\Windows\System32\powrprof.dll
0x00007ffd5f5f0000 - 0x00007ffd5f600000 	C:\Windows\System32\UMPDC.dll
0x00007ffd61a80000 - 0x00007ffd61ad2000 	C:\Windows\System32\shlwapi.dll
0x00007ffd60770000 - 0x00007ffd60787000 	C:\Windows\System32\cryptsp.dll
0x00007ffd4e230000 - 0x00007ffd4e249000 	C:\Users\thoma\Documents\java\jdk-15.0.1\bin\net.dll
0x00007ffd59500000 - 0x00007ffd595f0000 	C:\Windows\SYSTEM32\WINHTTP.dll
0x00007ffd5edd0000 - 0x00007ffd5ee37000 	C:\Windows\system32\mswsock.dll
0x00007ffd462d0000 - 0x00007ffd462e2000 	C:\Users\thoma\Documents\java\jdk-15.0.1\bin\nio.dll
0x00007ffd451b0000 - 0x00007ffd451c8000 	C:\Users\thoma\Documents\java\jdk-15.0.1\bin\zip.dll
0x00007ffd4e2e0000 - 0x00007ffd4e2f0000 	C:\Users\thoma\Documents\java\jdk-15.0.1\bin\verify.dll
0x00007ffd4e2a0000 - 0x00007ffd4e2a9000 	C:\Users\thoma\Documents\java\jdk-15.0.1\bin\management.dll
0x00007ffd4e220000 - 0x00007ffd4e22b000 	C:\Users\thoma\Documents\java\jdk-15.0.1\bin\management_ext.dll
0x00007ffd48f70000 - 0x00007ffd48f86000 	C:\Windows\system32\napinsp.dll
0x00007ffd46670000 - 0x00007ffd4668a000 	C:\Windows\system32\pnrpnsp.dll
0x00007ffd5eb20000 - 0x00007ffd5ebeb000 	C:\Windows\SYSTEM32\DNSAPI.dll
0x00007ffd60ff0000 - 0x00007ffd60ff8000 	C:\Windows\System32\NSI.dll
0x00007ffd5eae0000 - 0x00007ffd5eb1a000 	C:\Windows\SYSTEM32\IPHLPAPI.DLL
0x00007ffd46660000 - 0x00007ffd4666e000 	C:\Windows\System32\winrnr.dll
0x00007ffd5bd10000 - 0x00007ffd5bd2c000 	C:\Windows\system32\NLAapi.dll
0x00007ffd5a250000 - 0x00007ffd5a265000 	C:\Windows\system32\wshbth.dll
0x000000005a4c0000 - 0x000000005a4e6000 	C:\Program Files\Bonjour\mdnsNSP.dll
0x00007ffd574e0000 - 0x00007ffd574ea000 	C:\Windows\System32\rasadhlp.dll
0x00007ffd56cf0000 - 0x00007ffd56d67000 	C:\Windows\System32\fwpuclnt.dll
0x00007ffd5f710000 - 0x00007ffd5f736000 	C:\Windows\System32\bcrypt.dll
0x00007ffd5e950000 - 0x00007ffd5e983000 	C:\Windows\system32\rsaenh.dll
0x00007ffd5f510000 - 0x00007ffd5f535000 	C:\Windows\SYSTEM32\USERENV.dll
0x00007ffd5efa0000 - 0x00007ffd5efac000 	C:\Windows\SYSTEM32\CRYPTBASE.dll
0x00007ffd57580000 - 0x00007ffd57596000 	C:\Windows\SYSTEM32\dhcpcsvc6.DLL
0x00007ffd57c50000 - 0x00007ffd57c6c000 	C:\Windows\SYSTEM32\dhcpcsvc.DLL
0x00007ffd55050000 - 0x00007ffd5508e000 	C:\Users\thoma\Documents\Projets\HandyHand\lib\native\LeapJava.dll
0x00007ffd4fa00000 - 0x00007ffd4faef000 	C:\Windows\SYSTEM32\MSVCR120.dll
0x00007ffd4f0d0000 - 0x00007ffd4f176000 	C:\Windows\SYSTEM32\MSVCP120.dll
0x00007ffd09c00000 - 0x00007ffd09e5e000 	C:\Users\thoma\Documents\Projets\HandyHand\lib\native\Leap.dll
0x00007ffd5e630000 - 0x00007ffd5e661000 	C:\Windows\SYSTEM32\ntmarta.dll

dbghelp: loaded successfully - version: 4.0.5 - missing functions: none
symbol engine: initialized successfully - sym options: 0x614 - pdb path: .;C:\Users\thoma\Documents\java\jdk-15.0.1\bin;C:\Windows\SYSTEM32;C:\Windows\WinSxS\amd64_microsoft.windows.common-controls_6595b64144ccf1df_6.0.18362.1316_none_9e7a364fe461dbd7;C:\Users\thoma\Documents\java\jdk-15.0.1\bin\server;C:\Program Files\Bonjour;C:\Users\thoma\Documents\Projets\HandyHand\lib\native

VM Arguments:
jvm_args: -Djava.library.path=lib/native -Dfile.encoding=windows-1252 -Duser.country=FR -Duser.language=fr -Duser.variant 
java_command: Api.ApiApp.ApiAppApplication
java_class_path (initial): C:\Users\thoma\Documents\Projets\HandyHand\build\classes\java\main;C:\Users\thoma\Documents\Projets\HandyHand\build\resources\main;C:\Users\thoma\Documents\Projets\HandyHand\lib\LeapJava.jar;C:\Users\thoma\.gradle\caches\modules-2\files-2.1\org.processing\core\3.3.7\6e0983fb0841935eaa3386395e712d609856ab90\core-3.3.7.jar;C:\Users\thoma\.gradle\caches\modules-2\files-2.1\com.googlecode.json-simple\json-simple\1.1.1\c9ad4a0850ab676c5c64461a05ca524cdfff59f1\json-simple-1.1.1.jar;C:\Users\thoma\.gradle\caches\modules-2\files-2.1\com.google.code.gson\gson\2.8.6\9180733b7df8542621dc12e21e87557e8c99b8cb\gson-2.8.6.jar;C:\Users\thoma\.gradle\caches\modules-2\files-2.1\org.springframework.boot\spring-boot-starter-web\2.4.1\fb70dcc55475177dd404c5577c6d64b6c591c9cd\spring-boot-starter-web-2.4.1.jar;C:\Users\thoma\.gradle\caches\modules-2\files-2.1\org.jogamp.gluegen\gluegen-rt-main\2.3.2\6a86a9ce357c085e3052efcf639447f9957b82b8\gluegen-rt-main-2.3.2.jar;C:\Users\thoma\.gradle\caches\modules-2\files-2.1\org.jogamp.jogl\jogl\2.3.2\99e731771477fe0e142a65d77f9398b83755ec07\jogl-2.3.2.jar;C:\Users\thoma\.gradle\caches\modules-2\files-2.1\org.jogamp.jogl\jogl-all-main\2.3.2\6a86a9ce357c085e3052efcf639447f9957b82b8\jogl-all-main-2.3.2.jar;C:\Users\thoma\.gradle\caches\modules-2\files-2.1\org.jogamp.jogl\newt-main\2.3.2\6a86a9ce357c085e3052efcf639447f9957b82b8\newt-main-2.3.2.jar;C:\Users\thoma\.gradle\caches\modules-2\files-2.1\org.jogamp.jogl\nativewindow-main\2.3.2\6a86a9ce357c085e3052efcf639447f9957b82b8\nativewindow-main-2.3.2.jar;C:\Users\thoma\.gradle\caches\modules-2\files-2.1\junit\junit\4.13.1\cdd00374f1fee76b11e2a9d127405aa3f6be5b6a\junit-4.13.1.jar;C:\Users\thoma\.gradle\caches\modules-2\files-2.1\org.springframework.boot\spring-boot-starter-json\2.4.1\5a4b7088c88be531cb416ef218da3e19309f8cea\spring-boot-starter-json-2.4.1.jar;C:\Users\thoma\.gradle\caches\modules-2\files-2.1\org.springframework.boot\spring-boot-starter\2.4.1\15d81ffe81e26de379
Launcher Type: SUN_STANDARD

[Global flags]
     intx CICompilerCount                          = 12                                        {product} {ergonomic}
     uint ConcGCThreads                            = 3                                         {product} {ergonomic}
     uint G1ConcRefinementThreads                  = 13                                        {product} {ergonomic}
   size_t G1HeapRegionSize                         = 2097152                                   {product} {ergonomic}
    uintx GCDrainStackTargetSize                   = 64                                        {product} {ergonomic}
   size_t InitialHeapSize                          = 268435456                                 {product} {ergonomic}
   size_t MarkStackSize                            = 4194304                                   {product} {ergonomic}
   size_t MaxHeapSize                              = 4282384384                                {product} {ergonomic}
   size_t MaxNewSize                               = 2569011200                                {product} {ergonomic}
   size_t MinHeapDeltaBytes                        = 2097152                                   {product} {ergonomic}
   size_t MinHeapSize                              = 8388608                                   {product} {ergonomic}
    uintx NonNMethodCodeHeapSize                   = 7602480                                {pd product} {ergonomic}
    uintx NonProfiledCodeHeapSize                  = 122027880                              {pd product} {ergonomic}
    uintx ProfiledCodeHeapSize                     = 122027880                              {pd product} {ergonomic}
    uintx ReservedCodeCacheSize                    = 251658240                              {pd product} {ergonomic}
     bool SegmentedCodeCache                       = true                                      {product} {ergonomic}
   size_t SoftMaxHeapSize                          = 4282384384                             {manageable} {ergonomic}
     bool UseCompressedClassPointers               = true                                 {lp64_product} {ergonomic}
     bool UseCompressedOops                        = true                                 {lp64_product} {ergonomic}
     bool UseG1GC                                  = true                                      {product} {ergonomic}
     bool UseLargePagesIndividualAllocation        = false                                  {pd product} {ergonomic}

Logging:
Log output configuration:
 #0: stdout all=warning uptime,level,tags
 #1: stderr all=off uptime,level,tags

Environment Variables:
PATH=C:\Program Files (x86)\Common Files\Oracle\Java\javapath;C:\Windows\system32;C:\Windows;C:\Windows\System32\Wbem;C:\Windows\System32\WindowsPowerShell\v1.0\;C:\Windows\System32\OpenSSH\;C:\Program Files\TortoiseSVN\bin;A:\Programme\;C:\Program Files\dotnet\;C:\Program Files\Microsoft SQL Server\130\Tools\Binn\;C:\Program Files\Microsoft SQL Server\Client SDK\ODBC\170\Tools\Binn\;C:\Program Files\Git\cmd;C:\Program Files (x86)\Yarn\bin\;C:\Program Files\nodejs\;C:\Ruby27-x64\bin;C:\Users\thoma\AppData\Local\Microsoft\WindowsApps;C:\Users\thoma\AppData\Local\Programs\Microsoft VS Code\bin;C:\Users\thoma\AppData\Local\Yarn\bin;C:\Users\thoma\AppData\Roaming\npm;C:\Users\thoma\AppData\Local\GitHubDesktop\bin
USERNAME=thoma
OS=Windows_NT
PROCESSOR_IDENTIFIER=AMD64 Family 23 Model 8 Stepping 2, AuthenticAMD



---------------  S Y S T E M  ---------------

OS:
 Windows 10 , 64 bit Build 18362 (10.0.18362.1316)
OS uptime: 0 days 3:35 hours

CPU: total 16 (initial active 16) (16 cores per cpu, 2 threads per core) family 23 model 8 stepping 2 microcode 0x0, cmov, cx8, fxsr, mmx, sse, sse2, sse3, ssse3, sse4.1, sse4.2, popcnt, vzeroupper, avx, avx2, aes, clmul, 3dnowpref, lzcnt, sse4a, ht, tsc, tscinvbit, tscinv, bmi1, bmi2, adx, sha, fma, clflush, clflushopt

Memory: 4k page, system-wide physical 16335M (6447M free)
TotalPageFile size 19809M (AvailPageFile size 3307M)
current process WorkingSet (physical memory assigned to process): 184M, peak: 186M
current process commit charge ("private bytes"): 352M, peak: 418M

vm_info: OpenJDK 64-Bit Server VM (15.0.1+9-18) for windows-amd64 JRE (15.0.1+9-18), built on Sep 15 2020 14:39:31 by "mach5one" with unknown MS VC++:1925

END.
