#
# A fatal error has been detected by the Java Runtime Environment:
#
#  EXCEPTION_ACCESS_VIOLATION (0xc0000005) at pc=0x00007ffd4f10cceb, pid=18804, tid=12048
#
# JRE version: OpenJDK Runtime Environment (15.0.1+9) (build 15.0.1+9-18)
# Java VM: OpenJDK 64-Bit Server VM (15.0.1+9-18, mixed mode, sharing, tiered, compressed oops, g1 gc, windows-amd64)
# Problematic frame:
# C  [MSVCP120.dll+0x3cceb]
#
# No core dump will be written. Minidumps are not enabled by default on client versions of Windows
#
# If you would like to submit a bug report, please visit:
#   https://bugreport.java.com/bugreport/crash.jsp
# The crash happened outside the Java Virtual Machine in native code.
# See problematic frame for where to report the bug.
#

---------------  S U M M A R Y ------------

Command Line: -Djava.library.path=lib/native -Dfile.encoding=windows-1252 -Duser.country=FR -Duser.language=fr -Duser.variant Api.ApiApp.ApiAppApplication

Host: AMD Ryzen 7 2700X Eight-Core Processor         , 16 cores, 15G,  Windows 10 , 64 bit Build 18362 (10.0.18362.1316)
Time: Mon Feb  1 10:55:23 2021 Paris, Madrid elapsed time: 2.446439 seconds (0d 0h 0m 2s)

---------------  T H R E A D  ---------------

Current thread (0x000001c5e111f010):  JavaThread "http-nio-8080-exec-1" daemon [_thread_in_native, id=12048, stack(0x000000b60a600000,0x000000b60a700000)]

Stack: [0x000000b60a600000,0x000000b60a700000],  sp=0x000000b60a6fc630,  free space=1009k
Native frames: (J=compiled Java code, j=interpreted, Vv=VM code, C=native code)
C  [MSVCP120.dll+0x3cceb]

Java frames: (J=compiled Java code, j=interpreted, Vv=VM code)
j  com.leapmotion.leap.LeapJNI.new_Controller__SWIG_0()J+0
j  com.leapmotion.leap.Controller.<init>()V+1
j  Visual.ProcessingVisual.CameraView.CameraImage.<init>()V+9
j  Api.ApiApp.LeapInfosRESTController.getLeapView(Ljavax/servlet/http/HttpServletResponse;)V+12
v  ~StubRoutines::call_stub
J 2449  jdk.internal.reflect.NativeMethodAccessorImpl.invoke0(Ljava/lang/reflect/Method;Ljava/lang/Object;[Ljava/lang/Object;)Ljava/lang/Object; java.base@15.0.1 (0 bytes) @ 0x000001c5c829a2cf [0x000001c5c829a240+0x000000000000008f]
J 2448 c1 jdk.internal.reflect.NativeMethodAccessorImpl.invoke(Ljava/lang/Object;[Ljava/lang/Object;)Ljava/lang/Object; java.base@15.0.1 (117 bytes) @ 0x000001c5c1215954 [0x000001c5c1214da0+0x0000000000000bb4]
J 2151 c1 jdk.internal.reflect.DelegatingMethodAccessorImpl.invoke(Ljava/lang/Object;[Ljava/lang/Object;)Ljava/lang/Object; java.base@15.0.1 (10 bytes) @ 0x000001c5c11530cc [0x000001c5c1152fc0+0x000000000000010c]
J 2132 c1 java.lang.reflect.Method.invoke(Ljava/lang/Object;[Ljava/lang/Object;)Ljava/lang/Object; java.base@15.0.1 (65 bytes) @ 0x000001c5c11487cc [0x000001c5c1148480+0x000000000000034c]
j  org.springframework.web.method.support.InvocableHandlerMethod.doInvoke([Ljava/lang/Object;)Ljava/lang/Object;+32
j  org.springframework.web.method.support.InvocableHandlerMethod.invokeForRequest(Lorg/springframework/web/context/request/NativeWebRequest;Lorg/springframework/web/method/support/ModelAndViewContainer;[Ljava/lang/Object;)Ljava/lang/Object;+54
j  org.springframework.web.servlet.mvc.method.annotation.ServletInvocableHandlerMethod.invokeAndHandle(Lorg/springframework/web/context/request/ServletWebRequest;Lorg/springframework/web/method/support/ModelAndViewContainer;[Ljava/lang/Object;)V+4
j  org.springframework.web.servlet.mvc.method.annotation.RequestMappingHandlerAdapter.invokeHandlerMethod(Ljavax/servlet/http/HttpServletRequest;Ljavax/servlet/http/HttpServletResponse;Lorg/springframework/web/method/HandlerMethod;)Lorg/springframework/web/servlet/ModelAndView;+244
j  org.springframework.web.servlet.mvc.method.annotation.RequestMappingHandlerAdapter.handleInternal(Ljavax/servlet/http/HttpServletRequest;Ljavax/servlet/http/HttpServletResponse;Lorg/springframework/web/method/HandlerMethod;)Lorg/springframework/web/servlet/ModelAndView;+81
j  org.springframework.web.servlet.mvc.method.AbstractHandlerMethodAdapter.handle(Ljavax/servlet/http/HttpServletRequest;Ljavax/servlet/http/HttpServletResponse;Ljava/lang/Object;)Lorg/springframework/web/servlet/ModelAndView;+7
j  org.springframework.web.servlet.DispatcherServlet.doDispatch(Ljavax/servlet/http/HttpServletRequest;Ljavax/servlet/http/HttpServletResponse;)V+257
j  org.springframework.web.servlet.DispatcherServlet.doService(Ljavax/servlet/http/HttpServletRequest;Ljavax/servlet/http/HttpServletResponse;)V+235
j  org.springframework.web.servlet.FrameworkServlet.processRequest(Ljavax/servlet/http/HttpServletRequest;Ljavax/servlet/http/HttpServletResponse;)V+71
j  org.springframework.web.servlet.FrameworkServlet.doGet(Ljavax/servlet/http/HttpServletRequest;Ljavax/servlet/http/HttpServletResponse;)V+3
j  javax.servlet.http.HttpServlet.service(Ljavax/servlet/http/HttpServletRequest;Ljavax/servlet/http/HttpServletResponse;)V+35
j  org.springframework.web.servlet.FrameworkServlet.service(Ljavax/servlet/http/HttpServletRequest;Ljavax/servlet/http/HttpServletResponse;)V+33
j  javax.servlet.http.HttpServlet.service(Ljavax/servlet/ServletRequest;Ljavax/servlet/ServletResponse;)V+36
j  org.apache.catalina.core.ApplicationFilterChain.internalDoFilter(Ljavax/servlet/ServletRequest;Ljavax/servlet/ServletResponse;)V+304
j  org.apache.catalina.core.ApplicationFilterChain.doFilter(Ljavax/servlet/ServletRequest;Ljavax/servlet/ServletResponse;)V+101
j  org.apache.tomcat.websocket.server.WsFilter.doFilter(Ljavax/servlet/ServletRequest;Ljavax/servlet/ServletResponse;Ljavax/servlet/FilterChain;)V+21
j  org.apache.catalina.core.ApplicationFilterChain.internalDoFilter(Ljavax/servlet/ServletRequest;Ljavax/servlet/ServletResponse;)V+135
j  org.apache.catalina.core.ApplicationFilterChain.doFilter(Ljavax/servlet/ServletRequest;Ljavax/servlet/ServletResponse;)V+101
j  org.springframework.web.filter.RequestContextFilter.doFilterInternal(Ljavax/servlet/http/HttpServletRequest;Ljavax/servlet/http/HttpServletResponse;Ljavax/servlet/FilterChain;)V+21
j  org.springframework.web.filter.OncePerRequestFilter.doFilter(Ljavax/servlet/ServletRequest;Ljavax/servlet/ServletResponse;Ljavax/servlet/FilterChain;)V+147
j  org.apache.catalina.core.ApplicationFilterChain.internalDoFilter(Ljavax/servlet/ServletRequest;Ljavax/servlet/ServletResponse;)V+135
j  org.apache.catalina.core.ApplicationFilterChain.doFilter(Ljavax/servlet/ServletRequest;Ljavax/servlet/ServletResponse;)V+101
j  org.springframework.web.filter.FormContentFilter.doFilterInternal(Ljavax/servlet/http/HttpServletRequest;Ljavax/servlet/http/HttpServletResponse;Ljavax/servlet/FilterChain;)V+38
j  org.springframework.web.filter.OncePerRequestFilter.doFilter(Ljavax/servlet/ServletRequest;Ljavax/servlet/ServletResponse;Ljavax/servlet/FilterChain;)V+147
j  org.apache.catalina.core.ApplicationFilterChain.internalDoFilter(Ljavax/servlet/ServletRequest;Ljavax/servlet/ServletResponse;)V+135
j  org.apache.catalina.core.ApplicationFilterChain.doFilter(Ljavax/servlet/ServletRequest;Ljavax/servlet/ServletResponse;)V+101
j  org.springframework.web.filter.CharacterEncodingFilter.doFilterInternal(Ljavax/servlet/http/HttpServletRequest;Ljavax/servlet/http/HttpServletResponse;Ljavax/servlet/FilterChain;)V+53
j  org.springframework.web.filter.OncePerRequestFilter.doFilter(Ljavax/servlet/ServletRequest;Ljavax/servlet/ServletResponse;Ljavax/servlet/FilterChain;)V+147
j  org.apache.catalina.core.ApplicationFilterChain.internalDoFilter(Ljavax/servlet/ServletRequest;Ljavax/servlet/ServletResponse;)V+135
j  org.apache.catalina.core.ApplicationFilterChain.doFilter(Ljavax/servlet/ServletRequest;Ljavax/servlet/ServletResponse;)V+101
j  org.apache.catalina.core.StandardWrapperValve.invoke(Lorg/apache/catalina/connector/Request;Lorg/apache/catalina/connector/Response;)V+694
j  org.apache.catalina.core.StandardContextValve.invoke(Lorg/apache/catalina/connector/Request;Lorg/apache/catalina/connector/Response;)V+169
j  org.apache.catalina.authenticator.AuthenticatorBase.invoke(Lorg/apache/catalina/connector/Request;Lorg/apache/catalina/connector/Response;)V+260
j  org.apache.catalina.core.StandardHostValve.invoke(Lorg/apache/catalina/connector/Request;Lorg/apache/catalina/connector/Response;)V+128
j  org.apache.catalina.valves.ErrorReportValve.invoke(Lorg/apache/catalina/connector/Request;Lorg/apache/catalina/connector/Response;)V+6
j  org.apache.catalina.core.StandardEngineValve.invoke(Lorg/apache/catalina/connector/Request;Lorg/apache/catalina/connector/Response;)V+59
j  org.apache.catalina.connector.CoyoteAdapter.service(Lorg/apache/coyote/Request;Lorg/apache/coyote/Response;)V+199
j  org.apache.coyote.http11.Http11Processor.service(Lorg/apache/tomcat/util/net/SocketWrapperBase;)Lorg/apache/tomcat/util/net/AbstractEndpoint$Handler$SocketState;+737
j  org.apache.coyote.AbstractProcessorLight.process(Lorg/apache/tomcat/util/net/SocketWrapperBase;Lorg/apache/tomcat/util/net/SocketEvent;)Lorg/apache/tomcat/util/net/AbstractEndpoint$Handler$SocketState;+170
j  org.apache.coyote.AbstractProtocol$ConnectionHandler.process(Lorg/apache/tomcat/util/net/SocketWrapperBase;Lorg/apache/tomcat/util/net/SocketEvent;)Lorg/apache/tomcat/util/net/AbstractEndpoint$Handler$SocketState;+505
j  org.apache.tomcat.util.net.NioEndpoint$SocketProcessor.doRun()V+216
j  org.apache.tomcat.util.net.SocketProcessorBase.run()V+21
j  java.util.concurrent.ThreadPoolExecutor.runWorker(Ljava/util/concurrent/ThreadPoolExecutor$Worker;)V+92 java.base@15.0.1
j  java.util.concurrent.ThreadPoolExecutor$Worker.run()V+5 java.base@15.0.1
j  org.apache.tomcat.util.threads.TaskThread$WrappingRunnable.run()V+4
j  java.lang.Thread.run()V+11 java.base@15.0.1
v  ~StubRoutines::call_stub

siginfo: EXCEPTION_ACCESS_VIOLATION (0xc0000005), reading address 0x0000000000000000


Register to memory mapping:

RIP=0x00007ffd4f10cceb MSVCP120.dll
RAX=0x0 is NULL
RBX=0x00007ffd0afd5428 Leap.dll
RCX=0x00007ffd0afd5428 Leap.dll
RDX=0x0 is NULL
RSP=0x000000b60a6fc630 is pointing into the stack for thread: 0x000001c5e111f010
RBP=0x000000b60a6fc860 is pointing into the stack for thread: 0x000001c5e111f010
RSI=0x0000000000000290 is an unknown value
RDI=0x0 is NULL
R8 =0x0000000000000010 is an unknown value
R9 =0x00000000000000a8 is an unknown value
R10=0x0 is NULL
R11=0x000000b60a6fc630 is pointing into the stack for thread: 0x000001c5e111f010
R12=0x0 is NULL
R13={method} {0x000001c5e2fb92c0} 'new_Controller__SWIG_0' '()J' in 'com/leapmotion/leap/LeapJNI'
R14=0x000000b60a6fc950 is pointing into the stack for thread: 0x000001c5e111f010
R15=0x000001c5e111f010 is a thread


Registers:
RAX=0x0000000000000000, RBX=0x00007ffd0afd5428, RCX=0x00007ffd0afd5428, RDX=0x0000000000000000
RSP=0x000000b60a6fc630, RBP=0x000000b60a6fc860, RSI=0x0000000000000290, RDI=0x0000000000000000
R8 =0x0000000000000010, R9 =0x00000000000000a8, R10=0x0000000000000000, R11=0x000000b60a6fc630
R12=0x0000000000000000, R13=0x000001c5e2fb92b8, R14=0x000000b60a6fc950, R15=0x000001c5e111f010
RIP=0x00007ffd4f10cceb, EFLAGS=0x0000000000010202

Top of Stack: (sp=0x000000b60a6fc630)
0x000000b60a6fc630:   07ffde0f3d3d4000 0000000000000290
0x000000b60a6fc640:   0000000000000000 00007ffd0af31bfd
0x000000b60a6fc650:   0000000000000000 000001c5de687b80
0x000000b60a6fc660:   0000c859d8f10b01 000001c5001f0003
0x000000b60a6fc670:   000000b60a6fc738 00007ffd0ae3b07e
0x000000b60a6fc680:   000001c5e0fcca60 00007ffd60f4ac56
0x000000b60a6fc690:   0000000000000000 0000000000000290
0x000000b60a6fc6a0:   0000000000000000 fffffffffffffffe
0x000000b60a6fc6b0:   0000000000000000 00000000001f0003
0x000000b60a6fc6c0:   000000b60a6fc818 00007ffd0ae3b206
0x000000b60a6fc6d0:   000000b60a6fc738 00007ffd0afd5428
0x000000b60a6fc6e0:   000000000000000c 0000000000000290
0x000000b60a6fc6f0:   ffffffff00000000 0000000000000000
0x000000b60a6fc700:   0000000000000000 00007ffd0ae28bde
0x000000b60a6fc710:   00007ffd5bf61dac 00007ffd5bf665c0
0x000000b60a6fc720:   00007ffd00000002 00007ffd0ada0000 

Instructions: (pc=0x00007ffd4f10cceb)
0x00007ffd4f10cbeb:   24 30 48 33 cc e8 9b 20 01 00 48 83 c4 40 5b c3
0x00007ffd4f10cbfb:   cc 40 53 48 83 ec 30 48 8d 41 08 4d 8b c8 48 8b
0x00007ffd4f10cc0b:   d9 4c 8b c2 48 89 44 24 28 83 64 24 20 00 33 d2
0x00007ffd4f10cc1b:   33 c9 ff 15 7d 87 01 00 48 89 03 48 f7 d8 1b c0
0x00007ffd4f10cc2b:   f7 d0 83 e0 04 48 83 c4 30 5b c3 cc cc 33 c9 48
0x00007ffd4f10cc3b:   ff 25 57 87 01 00 cc cc cc 40 53 48 83 ec 70 0f
0x00007ffd4f10cc4b:   10 49 10 0f 10 01 0f 11 4c 24 20 66 0f 73 d9 08
0x00007ffd4f10cc5b:   0f 11 44 24 30 f2 0f 10 41 20 66 48 0f 7e cb 48
0x00007ffd4f10cc6b:   8b cb f2 0f 11 44 24 60 e8 98 02 00 00 48 8b 44
0x00007ffd4f10cc7b:   24 60 48 8b 4c 24 20 c7 00 01 00 00 00 e8 b7 fc
0x00007ffd4f10cc8b:   ff ff 48 8b cb e8 ff 02 00 00 0f 10 4c 24 30 66
0x00007ffd4f10cc9b:   48 0f 7e c8 66 0f 6f c1 66 0f 73 d8 08 66 48 0f
0x00007ffd4f10ccab:   7e c1 ff d0 8b d8 e8 9e 07 00 00 e8 15 0b 00 00
0x00007ffd4f10ccbb:   8b c3 48 83 c4 70 5b c3 cc 48 89 5c 24 18 48 89
0x00007ffd4f10cccb:   74 24 20 57 48 83 ec 40 48 8b 05 06 85 05 00 48
0x00007ffd4f10ccdb:   33 c4 48 89 44 24 30 48 8b 01 48 8b fa 48 8b d9
0x00007ffd4f10cceb:   44 8b 00 41 0f ba f0 08 41 83 f8 01 75 2f 48 8b
0x00007ffd4f10ccfb:   f8 ff 15 36 83 01 00 39 47 40 74 16 48 8d 4f 08
0x00007ffd4f10cd0b:   ff 15 9f 86 01 00 ff 15 21 83 01 00 48 8b 0b 89
0x00007ffd4f10cd1b:   41 40 48 8b 03 ff 40 44 e9 e6 00 00 00 48 85 d2
0x00007ffd4f10cd2b:   75 1e 48 8b f0 ff 15 02 83 01 00 39 46 40 0f 84
0x00007ffd4f10cd3b:   8a 00 00 00 48 8d 4e 08 ff 15 67 86 01 00 eb 7e
0x00007ffd4f10cd4b:   48 83 3a 00 7c 5c 75 06 83 7a 08 00 7e 54 48 8d
0x00007ffd4f10cd5b:   4c 24 20 ba 01 00 00 00 e8 10 0a 00 00 48 8b 44
0x00007ffd4f10cd6b:   24 20 48 3b 07 7c 0b 75 6f 8b 47 08 39 44 24 28
0x00007ffd4f10cd7b:   7d 66 ff 15 b5 82 01 00 48 8b 0b 39 41 40 74 3e
0x00007ffd4f10cd8b:   48 8d 54 24 20 48 8b cf e8 e4 08 00 00 48 8b 0b
0x00007ffd4f10cd9b:   48 83 c1 08 8b d0 ff 15 19 86 01 00 84 c0 75 1e
0x00007ffd4f10cdab:   eb ac 48 8b f0 ff 15 82 82 01 00 39 46 40 74 0e
0x00007ffd4f10cdbb:   48 8d 4e 08 ff 15 f3 85 01 00 84 c0 74 1a 48 8b
0x00007ffd4f10cdcb:   03 ff 40 44 83 78 44 01 7e 2d 48 8b 03 f7 00 00
0x00007ffd4f10cddb:   01 00 00 75 2e ff 48 44 48 85 ff 74 13 48 83 3f 


Stack slot to memory mapping:
stack at sp + 0 slots: 0x07ffde0f3d3d4000 is an unknown value
stack at sp + 1 slots: 0x0000000000000290 is an unknown value
stack at sp + 2 slots: 0x0 is NULL
stack at sp + 3 slots: 0x00007ffd0af31bfd Leap.dll
stack at sp + 4 slots: 0x0 is NULL
stack at sp + 5 slots: 0x000001c5de687b80 points into unknown readable memory: 0x07ffde0f471a4000 | 00 40 1a 47 0f de ff 07
stack at sp + 6 slots: 0x0000c859d8f10b01 is an unknown value
stack at sp + 7 slots: 0x000001c5001f0003 is an unknown value


---------------  P R O C E S S  ---------------

Threads class SMR info:
_java_thread_list=0x000001c5df58b650, length=33, elements={
0x000001c5dc5a3d50, 0x000001c5dc5a4830, 0x000001c5dc5bcdc0, 0x000001c5dc5bffa0,
0x000001c5dc5c0960, 0x000001c5dc5c4680, 0x000001c5dc5d0590, 0x000001c5dc5e3760,
0x000001c5dcfb52f0, 0x000001c5dcfb2f80, 0x000001c5dcfc39c0, 0x000001c5dcfcd310,
0x000001c5dcfb6220, 0x000001c5dcfb3490, 0x000001c5dcfb3eb0, 0x000001c5dcfb5800,
0x000001c5e0857fd0, 0x000001c5e08a8840, 0x000001c5dfbf4100, 0x000001c5dfbf2210,
0x000001c5e111f010, 0x000001c5ddf69a20, 0x000001c5ddf6c0a0, 0x000001c5ddf6a3c0,
0x000001c5ddf69080, 0x000001c5ddf6a890, 0x000001c5ddf6c570, 0x000001c5ddf6b700,
0x000001c5ddf6bbd0, 0x000001c5ddf69ef0, 0x000001c5ddf6ca40, 0x000001c5e092d740,
0x000001c5e0930290
}

Java Threads: ( => current thread )
  0x000001c5dc5a3d50 JavaThread "Reference Handler" daemon [_thread_blocked, id=13768, stack(0x000000b608800000,0x000000b608900000)]
  0x000001c5dc5a4830 JavaThread "Finalizer" daemon [_thread_blocked, id=1736, stack(0x000000b608900000,0x000000b608a00000)]
  0x000001c5dc5bcdc0 JavaThread "Signal Dispatcher" daemon [_thread_blocked, id=3880, stack(0x000000b608a00000,0x000000b608b00000)]
  0x000001c5dc5bffa0 JavaThread "Attach Listener" daemon [_thread_blocked, id=16600, stack(0x000000b608b00000,0x000000b608c00000)]
  0x000001c5dc5c0960 JavaThread "Service Thread" daemon [_thread_blocked, id=4088, stack(0x000000b608c00000,0x000000b608d00000)]
  0x000001c5dc5c4680 JavaThread "C2 CompilerThread0" daemon [_thread_blocked, id=10444, stack(0x000000b608d00000,0x000000b608e00000)]
  0x000001c5dc5d0590 JavaThread "C1 CompilerThread0" daemon [_thread_blocked, id=6316, stack(0x000000b608e00000,0x000000b608f00000)]
  0x000001c5dc5e3760 JavaThread "Sweeper thread" daemon [_thread_blocked, id=19064, stack(0x000000b608f00000,0x000000b609000000)]
  0x000001c5dcfb52f0 JavaThread "C1 CompilerThread1" daemon [_thread_blocked, id=4236, stack(0x000000b609000000,0x000000b609100000)]
  0x000001c5dcfb2f80 JavaThread "C1 CompilerThread2" daemon [_thread_blocked, id=9732, stack(0x000000b609100000,0x000000b609200000)]
  0x000001c5dcfc39c0 JavaThread "Notification Thread" daemon [_thread_blocked, id=18904, stack(0x000000b609200000,0x000000b609300000)]
  0x000001c5dcfcd310 JavaThread "Common-Cleaner" daemon [_thread_blocked, id=17448, stack(0x000000b609400000,0x000000b609500000)]
  0x000001c5dcfb6220 JavaThread "C2 CompilerThread1" daemon [_thread_blocked, id=16816, stack(0x000000b609500000,0x000000b609600000)]
  0x000001c5dcfb3490 JavaThread "C2 CompilerThread2" daemon [_thread_in_native, id=16864, stack(0x000000b609600000,0x000000b609700000)]
  0x000001c5dcfb3eb0 JavaThread "C1 CompilerThread3" daemon [_thread_blocked, id=17828, stack(0x000000b609700000,0x000000b609800000)]
  0x000001c5dcfb5800 JavaThread "C2 CompilerThread3" daemon [_thread_blocked, id=3348, stack(0x000000b609d00000,0x000000b609e00000)]
  0x000001c5e0857fd0 JavaThread "Catalina-utility-1" [_thread_blocked, id=16628, stack(0x000000b60a000000,0x000000b60a100000)]
  0x000001c5e08a8840 JavaThread "Catalina-utility-2" [_thread_blocked, id=16840, stack(0x000000b60a100000,0x000000b60a200000)]
  0x000001c5dfbf4100 JavaThread "container-0" [_thread_blocked, id=17052, stack(0x000000b60a200000,0x000000b60a300000)]
  0x000001c5dfbf2210 JavaThread "http-nio-8080-BlockPoller" daemon [_thread_in_native, id=7708, stack(0x000000b60a500000,0x000000b60a600000)]
=>0x000001c5e111f010 JavaThread "http-nio-8080-exec-1" daemon [_thread_in_native, id=12048, stack(0x000000b60a600000,0x000000b60a700000)]
  0x000001c5ddf69a20 JavaThread "http-nio-8080-exec-2" daemon [_thread_blocked, id=15400, stack(0x000000b60a700000,0x000000b60a800000)]
  0x000001c5ddf6c0a0 JavaThread "http-nio-8080-exec-3" daemon [_thread_blocked, id=19448, stack(0x000000b60a800000,0x000000b60a900000)]
  0x000001c5ddf6a3c0 JavaThread "http-nio-8080-exec-4" daemon [_thread_blocked, id=9912, stack(0x000000b60a900000,0x000000b60aa00000)]
  0x000001c5ddf69080 JavaThread "http-nio-8080-exec-5" daemon [_thread_blocked, id=16652, stack(0x000000b60aa00000,0x000000b60ab00000)]
  0x000001c5ddf6a890 JavaThread "http-nio-8080-exec-6" daemon [_thread_blocked, id=1620, stack(0x000000b60ab00000,0x000000b60ac00000)]
  0x000001c5ddf6c570 JavaThread "http-nio-8080-exec-7" daemon [_thread_blocked, id=9100, stack(0x000000b60ac00000,0x000000b60ad00000)]
  0x000001c5ddf6b700 JavaThread "http-nio-8080-exec-8" daemon [_thread_blocked, id=11640, stack(0x000000b60ad00000,0x000000b60ae00000)]
  0x000001c5ddf6bbd0 JavaThread "http-nio-8080-exec-9" daemon [_thread_blocked, id=19164, stack(0x000000b60ae00000,0x000000b60af00000)]
  0x000001c5ddf69ef0 JavaThread "http-nio-8080-exec-10" daemon [_thread_blocked, id=18096, stack(0x000000b60af00000,0x000000b60b000000)]
  0x000001c5ddf6ca40 JavaThread "http-nio-8080-ClientPoller" daemon [_thread_in_native, id=1772, stack(0x000000b60b000000,0x000000b60b100000)]
  0x000001c5e092d740 JavaThread "http-nio-8080-Acceptor" daemon [_thread_in_native, id=2316, stack(0x000000b60b100000,0x000000b60b200000)]
  0x000001c5e0930290 JavaThread "DestroyJavaVM" [_thread_blocked, id=18952, stack(0x000000b608100000,0x000000b608200000)]

Other Threads:
  0x000001c5dc5a05b0 VMThread "VM Thread" [stack: 0x000000b608700000,0x000000b608800000] [id=4272]
  0x000001c5dcfc7ea0 WatcherThread [stack: 0x000000b609300000,0x000000b609400000] [id=7444]
  0x000001c5b84523e0 GCTaskThread "GC Thread#0" [stack: 0x000000b608200000,0x000000b608300000] [id=17236]
  0x000001c5dd6b6e20 GCTaskThread "GC Thread#1" [stack: 0x000000b609800000,0x000000b609900000] [id=16284]
  0x000001c5dd6b7e10 GCTaskThread "GC Thread#2" [stack: 0x000000b609900000,0x000000b609a00000] [id=18076]
  0x000001c5dd6b6160 GCTaskThread "GC Thread#3" [stack: 0x000000b609a00000,0x000000b609b00000] [id=17096]
  0x000001c5dd6b7150 GCTaskThread "GC Thread#4" [stack: 0x000000b609b00000,0x000000b609c00000] [id=12976]
  0x000001c5dd6b8e00 GCTaskThread "GC Thread#5" [stack: 0x000000b609c00000,0x000000b609d00000] [id=11120]
  0x000001c5dd6b9460 GCTaskThread "GC Thread#6" [stack: 0x000000b60a300000,0x000000b60a400000] [id=7780]
  0x000001c5dd6b5b00 GCTaskThread "GC Thread#7" [stack: 0x000000b60a400000,0x000000b60a500000] [id=18372]
  0x000001c5b84653a0 ConcurrentGCThread "G1 Main Marker" [stack: 0x000000b608300000,0x000000b608400000] [id=1684]
  0x000001c5b8466640 ConcurrentGCThread "G1 Conc#0" [stack: 0x000000b608400000,0x000000b608500000] [id=11600]
  0x000001c5dd6b67c0 ConcurrentGCThread "G1 Conc#1" [stack: 0x000000b609e00000,0x000000b609f00000] [id=13700]
  0x000001c5dd6b8140 ConcurrentGCThread "G1 Conc#2" [stack: 0x000000b609f00000,0x000000b60a000000] [id=17988]
  0x000001c5dc495590 ConcurrentGCThread "G1 Refine#0" [stack: 0x000000b608500000,0x000000b608600000] [id=17344]
  0x000001c5dc4960a0 ConcurrentGCThread "G1 Young RemSet Sampling" [stack: 0x000000b608600000,0x000000b608700000] [id=2296]

Threads with active compile tasks:
C2 CompilerThread2     2484 3714       4       java.lang.invoke.MethodType::makeImpl (108 bytes)

VM state: not at safepoint (normal execution)

VM Mutex/Monitor currently owned by a thread: None

Heap address: 0x0000000700c00000, size: 4084 MB, Compressed Oops mode: Zero based, Oop shift amount: 3
CDS archive(s) mapped at: [0x0000000800000000-0x0000000800b50000-0x0000000800b50000), size 11862016, SharedBaseAddress: 0x0000000800000000, ArchiveRelocationMode: 0.
Compressed class space mapped at: 0x0000000800b50000-0x0000000840b50000, size: 1073741824
Narrow klass base: 0x0000000800000000, Narrow klass shift: 3, Narrow klass range: 0x100000000

GC Precious Log:
 CPUs: 16 total, 16 available
 Memory: 16335M
 Large Page Support: Disabled
 NUMA Support: Disabled
 Compressed Oops: Enabled (Zero based)
 Heap Region Size: 2M
 Heap Min Capacity: 8M
 Heap Initial Capacity: 256M
 Heap Max Capacity: 4084M
 Pre-touch: Disabled
 Parallel Workers: 13
 Concurrent Workers: 3
 Concurrent Refinement Workers: 13
 Periodic GC: Disabled

Heap:
 garbage-first heap   total 49152K, used 12686K [0x0000000700c00000, 0x0000000800000000)
  region size 2048K, 3 young (6144K), 2 survivors (4096K)
 Metaspace       used 28404K, capacity 28695K, committed 28848K, reserved 1075200K
  class space    used 3387K, capacity 3486K, committed 3584K, reserved 1048576K

Heap Regions: E=young(eden), S=young(survivor), O=old, HS=humongous(starts), HC=humongous(continues), CS=collection set, F=free, OA=open archive, CA=closed archive, TAMS=top-at-mark-start (previous, next)
|   0|0x0000000700c00000, 0x0000000700e00000, 0x0000000700e00000|100%| O|  |TAMS 0x0000000700e00000, 0x0000000700c00000| Untracked 
|   1|0x0000000700e00000, 0x0000000701000000, 0x0000000701000000|100%| O|  |TAMS 0x0000000701000000, 0x0000000700e00000| Untracked 
|   2|0x0000000701000000, 0x00000007010a5e00, 0x0000000701200000| 32%| O|  |TAMS 0x00000007010a5e00, 0x0000000701000000| Untracked 
|   3|0x0000000701200000, 0x0000000701400000, 0x0000000701400000|100%| O|  |TAMS 0x0000000701200000, 0x0000000701200000| Untracked 
|   4|0x0000000701400000, 0x0000000701600000, 0x0000000701600000|100%| O|  |TAMS 0x0000000701400000, 0x0000000701400000| Untracked 
|   5|0x0000000701600000, 0x000000070162b400, 0x0000000701800000|  8%| O|  |TAMS 0x0000000701600000, 0x0000000701600000| Untracked 
|   6|0x0000000701800000, 0x0000000701800000, 0x0000000701a00000|  0%| F|  |TAMS 0x0000000701800000, 0x0000000701800000| Untracked 
|   7|0x0000000701a00000, 0x0000000701a00000, 0x0000000701c00000|  0%| F|  |TAMS 0x0000000701a00000, 0x0000000701a00000| Untracked 
|   8|0x0000000701c00000, 0x0000000701c00000, 0x0000000701e00000|  0%| F|  |TAMS 0x0000000701c00000, 0x0000000701c00000| Untracked 
|   9|0x0000000701e00000, 0x0000000701e00000, 0x0000000702000000|  0%| F|  |TAMS 0x0000000701e00000, 0x0000000701e00000| Untracked 
|  10|0x0000000702000000, 0x0000000702000000, 0x0000000702200000|  0%| F|  |TAMS 0x0000000702000000, 0x0000000702000000| Untracked 
|  11|0x0000000702200000, 0x0000000702200000, 0x0000000702400000|  0%| F|  |TAMS 0x0000000702200000, 0x0000000702200000| Untracked 
|  12|0x0000000702400000, 0x0000000702400000, 0x0000000702600000|  0%| F|  |TAMS 0x0000000702400000, 0x0000000702400000| Untracked 
|  13|0x0000000702600000, 0x0000000702792838, 0x0000000702800000| 78%| S|CS|TAMS 0x0000000702600000, 0x0000000702600000| Complete 
|  14|0x0000000702800000, 0x0000000702a00000, 0x0000000702a00000|100%| S|CS|TAMS 0x0000000702800000, 0x0000000702800000| Complete 
|  15|0x0000000702a00000, 0x0000000702a00000, 0x0000000702c00000|  0%| F|  |TAMS 0x0000000702a00000, 0x0000000702a00000| Untracked 
|  16|0x0000000702c00000, 0x0000000702c00000, 0x0000000702e00000|  0%| F|  |TAMS 0x0000000702c00000, 0x0000000702c00000| Untracked 
|  17|0x0000000702e00000, 0x0000000702e00000, 0x0000000703000000|  0%| F|  |TAMS 0x0000000702e00000, 0x0000000702e00000| Untracked 
|  18|0x0000000703000000, 0x0000000703000000, 0x0000000703200000|  0%| F|  |TAMS 0x0000000703000000, 0x0000000703000000| Untracked 
|  19|0x0000000703200000, 0x0000000703200000, 0x0000000703400000|  0%| F|  |TAMS 0x0000000703200000, 0x0000000703200000| Untracked 
|  97|0x000000070ce00000, 0x000000070ce00000, 0x000000070d000000|  0%| F|  |TAMS 0x000000070ce00000, 0x000000070ce00000| Untracked 
|  98|0x000000070d000000, 0x000000070d000000, 0x000000070d200000|  0%| F|  |TAMS 0x000000070d000000, 0x000000070d000000| Untracked 
|  99|0x000000070d200000, 0x000000070d200000, 0x000000070d400000|  0%| F|  |TAMS 0x000000070d200000, 0x000000070d200000| Untracked 
| 127|0x0000000710a00000, 0x0000000710b9fb48, 0x0000000710c00000| 81%| E|  |TAMS 0x0000000710a00000, 0x0000000710a00000| Complete 

Card table byte_map: [0x000001c5d0680000,0x000001c5d0e80000] _byte_map_base: 0x000001c5cce7a000

Marking Bits (Prev, Next): (CMBitMap*) 0x000001c5b8454b40, (CMBitMap*) 0x000001c5b8454b00
 Prev Bits: [0x000001c5d5650000, 0x000001c5d9620000)
 Next Bits: [0x000001c5d1680000, 0x000001c5d5650000)

Polling page: 0x000001c5b6090000

Metaspace:

Usage:
  Non-class:     24.62 MB capacity,    24.43 MB (>99%) used,   149.81 KB ( <1%) free+waste,    42.56 KB ( <1%) overhead. 
      Class:      3.40 MB capacity,     3.31 MB ( 97%) used,    81.15 KB (  2%) free+waste,    16.88 KB ( <1%) overhead. 
       Both:     28.02 MB capacity,    27.74 MB ( 99%) used,   230.96 KB ( <1%) free+waste,    59.44 KB ( <1%) overhead. 

Virtual space:
  Non-class space:       26.00 MB reserved,      24.67 MB ( 95%) committed 
      Class space:        1.00 GB reserved,       3.50 MB ( <1%) committed 
             Both:        1.03 GB reserved,      28.17 MB (  3%) committed 

Chunk freelists:
   Non-Class:  55.00 KB
       Class:  2.00 KB
        Both:  57.00 KB

MaxMetaspaceSize: 17179869184.00 GB
CompressedClassSpaceSize: 1.00 GB

CodeHeap 'non-profiled nmethods': size=119168Kb used=2253Kb max_used=2253Kb free=116914Kb
 bounds [0x000001c5c81a0000, 0x000001c5c8410000, 0x000001c5cf600000]
CodeHeap 'profiled nmethods': size=119104Kb used=7952Kb max_used=7952Kb free=111151Kb
 bounds [0x000001c5c0d50000, 0x000001c5c1520000, 0x000001c5c81a0000]
CodeHeap 'non-nmethods': size=7488Kb used=2935Kb max_used=2976Kb free=4552Kb
 bounds [0x000001c5c0600000, 0x000001c5c08f0000, 0x000001c5c0d50000]
 total_blobs=4257 nmethods=3741 adapters=424
 compilation: enabled
              stopped_count=0, restarted_count=0
 full_count=0

Compilation events (20 events):
Event: 2.420 Thread 0x000001c5dcfb3eb0 3716   !   3       com.sun.proxy.$Proxy8::attribute (29 bytes)
Event: 2.420 Thread 0x000001c5dc5d0590 nmethod 3715 0x000001c5c83c5190 code [0x000001c5c83c5320, 0x000001c5c83c53d8]
Event: 2.420 Thread 0x000001c5dcfb2f80 3717       3       java.util.LinkedHashSet::<init> (27 bytes)
Event: 2.420 Thread 0x000001c5dcfb52f0 3718       3       org.springframework.core.annotation.AnnotationsScanner::getDeclaredAnnotations (166 bytes)
Event: 2.420 Thread 0x000001c5dcfb3eb0 nmethod 3716 0x000001c5c1508510 code [0x000001c5c15086e0, 0x000001c5c1508af8]
Event: 2.421 Thread 0x000001c5dcfb2f80 nmethod 3717 0x000001c5c1508c90 code [0x000001c5c1508e80, 0x000001c5c1509208]
Event: 2.421 Thread 0x000001c5dcfb52f0 nmethod 3718 0x000001c5c1509390 code [0x000001c5c1509680, 0x000001c5c150ac18]
Event: 2.423 Thread 0x000001c5dcfb5800 3719 %     4       jdk.internal.org.objectweb.asm.ClassReader::readUtf @ 18 (161 bytes)
Event: 2.423 Thread 0x000001c5dcfb3eb0 3720       3       ch.qos.logback.classic.Logger::createChildByName (128 bytes)
Event: 2.424 Thread 0x000001c5dcfb3eb0 nmethod 3720 0x000001c5c150b110 code [0x000001c5c150b440, 0x000001c5c150c6d8]
Event: 2.427 Thread 0x000001c5dcfb3eb0 3721       3       java.lang.invoke.MethodType::checkRtype (6 bytes)
Event: 2.427 Thread 0x000001c5dcfb2f80 3722       3       java.lang.invoke.MethodTypeForm::findForm (25 bytes)
Event: 2.427 Thread 0x000001c5dcfb3eb0 nmethod 3721 0x000001c5c150cd10 code [0x000001c5c150cec0, 0x000001c5c150d108]
Event: 2.428 Thread 0x000001c5dcfb2f80 nmethod 3722 0x000001c5c150d210 code [0x000001c5c150d3c0, 0x000001c5c150d5f8]
Event: 2.429 Thread 0x000001c5dcfb6220 nmethod 3711% 0x000001c5c83c5490 code [0x000001c5c83c56c0, 0x000001c5c83c6c20]
Event: 2.431 Thread 0x000001c5dcfb2f80 3723   !   3       org.apache.tomcat.util.http.parser.HttpParser::isToken (9 bytes)
Event: 2.431 Thread 0x000001c5dcfb52f0 3724       3       java.lang.Package::<init> (47 bytes)
Event: 2.431 Thread 0x000001c5dcfb2f80 nmethod 3723 0x000001c5c150d710 code [0x000001c5c150d8a0, 0x000001c5c150d9d8]
Event: 2.431 Thread 0x000001c5dcfb5800 nmethod 3719% 0x000001c5c83c7890 code [0x000001c5c83c7a40, 0x000001c5c83c82d8]
Event: 2.431 Thread 0x000001c5dcfb52f0 nmethod 3724 0x000001c5c150db10 code [0x000001c5c150dd00, 0x000001c5c150e168]

GC Heap History (10 events):
Event: 0.604 GC heap before
{Heap before GC invocations=0 (full 0):
 garbage-first heap   total 262144K, used 22528K [0x0000000700c00000, 0x0000000800000000)
  region size 2048K, 11 young (22528K), 0 survivors (0K)
 Metaspace       used 5980K, capacity 7717K, committed 7808K, reserved 1056768K
  class space    used 678K, capacity 845K, committed 896K, reserved 1048576K
}
Event: 0.608 GC heap after
{Heap after GC invocations=1 (full 0):
 garbage-first heap   total 262144K, used 4869K [0x0000000700c00000, 0x0000000800000000)
  region size 2048K, 2 young (4096K), 2 survivors (4096K)
 Metaspace       used 5980K, capacity 7717K, committed 7808K, reserved 1056768K
  class space    used 678K, capacity 845K, committed 896K, reserved 1048576K
}
Event: 0.876 GC heap before
{Heap before GC invocations=1 (full 0):
 garbage-first heap   total 262144K, used 27397K [0x0000000700c00000, 0x0000000800000000)
  region size 2048K, 14 young (28672K), 2 survivors (4096K)
 Metaspace       used 12043K, capacity 12635K, committed 12800K, reserved 1060864K
  class space    used 1412K, capacity 1461K, committed 1536K, reserved 1048576K
}
Event: 0.879 GC heap after
{Heap after GC invocations=2 (full 0):
 garbage-first heap   total 262144K, used 6153K [0x0000000700c00000, 0x0000000800000000)
  region size 2048K, 1 young (2048K), 1 survivors (2048K)
 Metaspace       used 12043K, capacity 12635K, committed 12800K, reserved 1060864K
  class space    used 1412K, capacity 1461K, committed 1536K, reserved 1048576K
}
Event: 1.675 GC heap before
{Heap before GC invocations=2 (full 0):
 garbage-first heap   total 262144K, used 59401K [0x0000000700c00000, 0x0000000800000000)
  region size 2048K, 28 young (57344K), 1 survivors (2048K)
 Metaspace       used 20839K, capacity 21124K, committed 21296K, reserved 1069056K
  class space    used 2510K, capacity 2614K, committed 2688K, reserved 1048576K
}
Event: 1.680 GC heap after
{Heap after GC invocations=3 (full 0):
 garbage-first heap   total 262144K, used 9233K [0x0000000700c00000, 0x0000000800000000)
  region size 2048K, 3 young (6144K), 3 survivors (6144K)
 Metaspace       used 20839K, capacity 21124K, committed 21296K, reserved 1069056K
  class space    used 2510K, capacity 2614K, committed 2688K, reserved 1048576K
}
Event: 2.020 GC heap before
{Heap before GC invocations=4 (full 0):
 garbage-first heap   total 49152K, used 31761K [0x0000000700c00000, 0x0000000800000000)
  region size 2048K, 14 young (28672K), 3 survivors (6144K)
 Metaspace       used 23964K, capacity 24227K, committed 24368K, reserved 1071104K
  class space    used 2843K, capacity 2941K, committed 2944K, reserved 1048576K
}
Event: 2.024 GC heap after
{Heap after GC invocations=5 (full 0):
 garbage-first heap   total 49152K, used 11003K [0x0000000700c00000, 0x0000000800000000)
  region size 2048K, 1 young (2048K), 1 survivors (2048K)
 Metaspace       used 23964K, capacity 24227K, committed 24368K, reserved 1071104K
  class space    used 2843K, capacity 2941K, committed 2944K, reserved 1048576K
}
Event: 2.407 GC heap before
{Heap before GC invocations=5 (full 0):
 garbage-first heap   total 49152K, used 29435K [0x0000000700c00000, 0x0000000800000000)
  region size 2048K, 10 young (20480K), 1 survivors (2048K)
 Metaspace       used 27941K, capacity 28273K, committed 28464K, reserved 1075200K
  class space    used 3338K, capacity 3452K, committed 3456K, reserved 1048576K
}
Event: 2.409 GC heap after
{Heap after GC invocations=6 (full 0):
 garbage-first heap   total 49152K, used 12686K [0x0000000700c00000, 0x0000000800000000)
  region size 2048K, 2 young (4096K), 2 survivors (4096K)
 Metaspace       used 27941K, capacity 28273K, committed 28464K, reserved 1075200K
  class space    used 3338K, capacity 3452K, committed 3456K, reserved 1048576K
}

Deoptimization events (20 events):
Event: 2.303 Thread 0x000001c5b83ff3a0 Uncommon trap: trap_request=0xffffff45 fr.pc=0x000001c5c836c25c relative=0x000000000000005c
Event: 2.303 Thread 0x000001c5b83ff3a0 Uncommon trap: reason=unstable_if action=reinterpret pc=0x000001c5c836c25c method=org.springframework.util.ConcurrentReferenceHashMap$Segment.clear()V @ 7 c2
Event: 2.303 Thread 0x000001c5b83ff3a0 DEOPT PACKING pc=0x000001c5c836c25c sp=0x000000b6081fee90
Event: 2.303 Thread 0x000001c5b83ff3a0 DEOPT UNPACKING pc=0x000001c5c064e42f sp=0x000000b6081fee20 mode 2
Event: 2.378 Thread 0x000001c5ddf69a20 Uncommon trap: trap_request=0xffffff45 fr.pc=0x000001c5c8265298 relative=0x0000000000000fd8
Event: 2.378 Thread 0x000001c5ddf69a20 Uncommon trap: reason=unstable_if action=reinterpret pc=0x000001c5c8265298 method=java.util.concurrent.ConcurrentHashMap.putVal(Ljava/lang/Object;Ljava/lang/Object;Z)Ljava/lang/Object; @ 97 c2
Event: 2.378 Thread 0x000001c5ddf69a20 DEOPT PACKING pc=0x000001c5c8265298 sp=0x000000b60a7fdf90
Event: 2.378 Thread 0x000001c5ddf69a20 DEOPT UNPACKING pc=0x000001c5c064e42f sp=0x000000b60a7fdf18 mode 2
Event: 2.414 Thread 0x000001c5ddf69a20 Uncommon trap: trap_request=0xffffff54 fr.pc=0x000001c5c8339a50 relative=0x0000000000005130
Event: 2.414 Thread 0x000001c5ddf69a20 Uncommon trap: reason=speculate_null_assert action=make_not_entrant pc=0x000001c5c8339a50 method=java.lang.invoke.MethodType$ConcurrentWeakInternSet.add(Ljava/lang/Object;)Ljava/lang/Object; @ 47 c2
Event: 2.414 Thread 0x000001c5ddf69a20 DEOPT PACKING pc=0x000001c5c8339a50 sp=0x000000b60a7fcff0
Event: 2.414 Thread 0x000001c5ddf69a20 DEOPT UNPACKING pc=0x000001c5c064e42f sp=0x000000b60a7fcf98 mode 2
Event: 2.420 Thread 0x000001c5ddf69a20 Uncommon trap: trap_request=0xffffff45 fr.pc=0x000001c5c83b4330 relative=0x0000000000001170
Event: 2.420 Thread 0x000001c5ddf69a20 Uncommon trap: reason=unstable_if action=reinterpret pc=0x000001c5c83b4330 method=org.springframework.util.ConcurrentReferenceHashMap$Segment.doTask(ILjava/lang/Object;Lorg/springframework/util/ConcurrentReferenceHashMap$Task;)Ljava/lang/Object; @ 89 c2
Event: 2.420 Thread 0x000001c5ddf69a20 DEOPT PACKING pc=0x000001c5c83b4330 sp=0x000000b60a7fd2b0
Event: 2.420 Thread 0x000001c5ddf69a20 DEOPT UNPACKING pc=0x000001c5c064e42f sp=0x000000b60a7fd0d0 mode 2
Event: 2.420 Thread 0x000001c5e111f010 Uncommon trap: trap_request=0xffffff45 fr.pc=0x000001c5c8386b2c relative=0x00000000000000ec
Event: 2.420 Thread 0x000001c5e111f010 Uncommon trap: reason=unstable_if action=reinterpret pc=0x000001c5c8386b2c method=java.util.concurrent.ConcurrentMap.computeIfAbsent(Ljava/lang/Object;Ljava/util/function/Function;)Ljava/lang/Object; @ 41 c2
Event: 2.420 Thread 0x000001c5e111f010 DEOPT PACKING pc=0x000001c5c8386b2c sp=0x000000b60a6fc9f0
Event: 2.420 Thread 0x000001c5e111f010 DEOPT UNPACKING pc=0x000001c5c064e42f sp=0x000000b60a6fc978 mode 2

Classes unloaded (0 events):
No events

Classes redefined (0 events):
No events

Internal exceptions (20 events):
Event: 1.926 Thread 0x000001c5b83ff3a0 Exception <a 'java/io/FileNotFoundException'{0x000000070257b618}> (0x000000070257b618) 
thrown [./open/src/hotspot/share/prims/jni.cpp, line 578]
Event: 1.974 Thread 0x000001c5b83ff3a0 Exception <a 'java/lang/ClassNotFoundException'{0x00000007023c81d8}: java/lang/ObjectCustomizer> (0x00000007023c81d8) 
thrown [./open/src/hotspot/share/classfile/systemDictionary.cpp, line 295]
Event: 1.974 Thread 0x000001c5b83ff3a0 Exception <a 'java/lang/ClassNotFoundException'{0x00000007023cf290}: org/springframework/web/servlet/config/annotation/WebMvcConfigurationSupportCustomizer> (0x00000007023cf290) 
thrown [./open/src/hotspot/share/classfile/systemDictionary.cpp, line 295]
Event: 1.975 Thread 0x000001c5b83ff3a0 Exception <a 'java/lang/ClassNotFoundException'{0x00000007023e1fc0}: org/springframework/web/servlet/config/annotation/DelegatingWebMvcConfigurationCustomizer> (0x00000007023e1fc0) 
thrown [./open/src/hotspot/share/classfile/systemDictionary.cpp, line 295]
Event: 1.976 Thread 0x000001c5b83ff3a0 Exception <a 'java/lang/ClassNotFoundException'{0x00000007023ea8c0}: org/springframework/boot/autoconfigure/web/servlet/WebMvcAutoConfiguration$EnableWebMvcConfigurationCustomizer> (0x00000007023ea8c0) 
thrown [./open/src/hotspot/share/classfile/systemDictionary.cpp, line 295]
Event: 1.977 Thread 0x000001c5b83ff3a0 Exception <a 'java/lang/ClassNotFoundException'{0x00000007023fd050}: org/springframework/context/ResourceLoaderAwareCustomizer> (0x00000007023fd050) 
thrown [./open/src/hotspot/share/classfile/systemDictionary.cpp, line 295]
Event: 1.977 Thread 0x000001c5b83ff3a0 Exception <a 'java/lang/ClassNotFoundException'{0x00000007020019d8}: org/springframework/beans/factory/AwareCustomizer> (0x00000007020019d8) 
thrown [./open/src/hotspot/share/classfile/systemDictionary.cpp, line 295]
Event: 1.978 Thread 0x000001c5b83ff3a0 Exception <a 'java/lang/ClassNotFoundException'{0x00000007020051a0}: org/springframework/context/ApplicationContextAwareCustomizer> (0x00000007020051a0) 
thrown [./open/src/hotspot/share/classfile/systemDictionary.cpp, line 295]
Event: 1.978 Thread 0x000001c5b83ff3a0 Exception <a 'java/lang/ClassNotFoundException'{0x000000070200a198}: org/springframework/beans/factory/AwareCustomizer> (0x000000070200a198) 
thrown [./open/src/hotspot/share/classfile/systemDictionary.cpp, line 295]
Event: 1.978 Thread 0x000001c5b83ff3a0 Exception <a 'java/lang/ClassNotFoundException'{0x000000070200d938}: org/springframework/web/context/ServletContextAwareCustomizer> (0x000000070200d938) 
thrown [./open/src/hotspot/share/classfile/systemDictionary.cpp, line 295]
Event: 1.979 Thread 0x000001c5b83ff3a0 Exception <a 'java/lang/ClassNotFoundException'{0x00000007020121b8}: org/springframework/beans/factory/AwareCustomizer> (0x00000007020121b8) 
thrown [./open/src/hotspot/share/classfile/systemDictionary.cpp, line 295]
Event: 1.989 Thread 0x000001c5b83ff3a0 Exception <a 'java/lang/NoSuchMethodError'{0x0000000702080238}: 'void java.lang.invoke.DirectMethodHandle$Holder.invokeVirtual(java.lang.Object, java.lang.Object, java.lang.Object, java.lang.Object)'> (0x0000000702080238) 
thrown [./open/src/hotspot/share/interpreter/linkResolver.cpp, line 782]
Event: 2.067 Thread 0x000001c5b83ff3a0 Exception <a 'java/lang/NoSuchMethodError'{0x000000070d25ce18}: 'void java.lang.invoke.DirectMethodHandle$Holder.invokeVirtual(java.lang.Object, java.lang.Object, int)'> (0x000000070d25ce18) 
thrown [./open/src/hotspot/share/interpreter/linkResolver.cpp, line 782]
Event: 2.069 Thread 0x000001c5b83ff3a0 Exception <a 'java/lang/NoSuchMethodError'{0x000000070d279118}: 'void java.lang.invoke.DirectMethodHandle$Holder.invokeVirtual(java.lang.Object, java.lang.Object, long)'> (0x000000070d279118) 
thrown [./open/src/hotspot/share/interpreter/linkResolver.cpp, line 782]
Event: 2.172 Thread 0x000001c5b83ff3a0 Exception <a 'java/lang/IncompatibleClassChangeError'{0x000000070cfb2d90}: Found class java.lang.Object, but interface was expected> (0x000000070cfb2d90) 
thrown [./open/src/hotspot/share/interpreter/linkResolver.cpp, line 848]
Event: 2.199 Thread 0x000001c5b83ff3a0 Exception <a 'java/lang/NoSuchMethodError'{0x000000070331f690}: 'int java.lang.invoke.DirectMethodHandle$Holder.invokeStaticInit(java.lang.Object, java.lang.Object, java.lang.Object, java.lang.Object)'> (0x000000070331f690) 
thrown [./open/src/hotspot/share/interpreter/linkResolver.cpp, line 782]
Event: 2.268 Thread 0x000001c5b83ff3a0 Exception <a 'java/lang/NoSuchMethodError'{0x0000000702edf9c8}: 'java.lang.Object java.lang.invoke.DirectMethodHandle$Holder.invokeSpecial(java.lang.Object, java.lang.Object, int, java.lang.Object, int, java.lang.Object)'> (0x0000000702edf9c8) 
thrown [./open/src/hotspot/share/interpreter/linkResolver.cpp, line 782]
Event: 2.268 Thread 0x000001c5b83ff3a0 Exception <a 'java/lang/NoSuchMethodError'{0x0000000702ee8438}: 'java.lang.Object java.lang.invoke.DirectMethodHandle$Holder.newInvokeSpecial(java.lang.Object, java.lang.Object, int, java.lang.Object, int)'> (0x0000000702ee8438) 
thrown [./open/src/hotspot/share/interpreter/linkResolver.cpp, line 782]
Event: 2.268 Thread 0x000001c5b83ff3a0 Exception <a 'java/lang/NoSuchMethodError'{0x0000000702eec648}: 'java.lang.Object java.lang.invoke.DirectMethodHandle$Holder.invokeSpecial(java.lang.Object, java.lang.Object, java.lang.Object, int, java.lang.Object, int)'> (0x0000000702eec648) 
thrown [./open/src/hotspot/share/interpreter/linkResolver.cpp, line 782]
Event: 2.269 Thread 0x000001c5b83ff3a0 Exception <a 'java/lang/NoSuchMethodError'{0x0000000702ef7378}: 'void java.lang.invoke.DirectMethodHandle$Holder.invokeVirtual(java.lang.Object, java.lang.Object)'> (0x0000000702ef7378) 
thrown [./open/src/hotspot/share/interpreter/linkResolver.cpp, line 782]

Events (20 events):
Event: 2.380 loading class sun/nio/cs/ThreadLocalCoders$Cache
Event: 2.380 loading class sun/nio/cs/ThreadLocalCoders$Cache done
Event: 2.380 loading class sun/nio/cs/ThreadLocalCoders$1 done
Event: 2.380 loading class sun/nio/cs/ThreadLocalCoders$2
Event: 2.380 loading class sun/nio/cs/ThreadLocalCoders$2 done
Event: 2.380 loading class sun/nio/cs/ISO_8859_1$Decoder
Event: 2.380 loading class sun/nio/cs/ISO_8859_1$Decoder done
Event: 2.385 Executing VM operation: HandshakeAllThreads
Event: 2.385 Executing VM operation: HandshakeAllThreads done
Event: 2.398 loading class java/util/concurrent/locks/ReentrantReadWriteLock$Sync$HoldCounter
Event: 2.398 loading class java/util/concurrent/locks/ReentrantReadWriteLock$Sync$HoldCounter done
Event: 2.407 Executing VM operation: G1CollectForAllocation
Event: 2.409 Executing VM operation: G1CollectForAllocation done
Event: 2.409 Executing VM operation: HandshakeAllThreads
Event: 2.409 Executing VM operation: HandshakeAllThreads done
Event: 2.431 loading class java/awt/image/RenderedImage
Event: 2.431 loading class java/awt/image/RenderedImage done
Event: 2.432 Executing VM operation: HandshakeAllThreads
Event: 2.432 Executing VM operation: HandshakeAllThreads done
Event: 2.436 Loaded shared library C:\Users\thoma\Documents\Projets\HandyHand\lib\native\LeapJava.dll


Dynamic libraries:
0x00007ff6cc6b0000 - 0x00007ff6cc6bd000 	C:\Users\thoma\Documents\java\jdk-15.0.1\bin\java.exe
0x00007ffd62740000 - 0x00007ffd62930000 	C:\Windows\SYSTEM32\ntdll.dll
0x00007ffd60f30000 - 0x00007ffd60fe2000 	C:\Windows\System32\KERNEL32.DLL
0x00007ffd601d0000 - 0x00007ffd60475000 	C:\Windows\System32\KERNELBASE.dll
0x00007ffd600d0000 - 0x00007ffd601ca000 	C:\Windows\System32\ucrtbase.dll
0x00007ffd33be0000 - 0x00007ffd33bf8000 	C:\Users\thoma\Documents\java\jdk-15.0.1\bin\jli.dll
0x00007ffd340a0000 - 0x00007ffd340b9000 	C:\Users\thoma\Documents\java\jdk-15.0.1\bin\VCRUNTIME140.dll
0x00007ffd607f0000 - 0x00007ffd60984000 	C:\Windows\System32\USER32.dll
0x00007ffd600a0000 - 0x00007ffd600c1000 	C:\Windows\System32\win32u.dll
0x00007ffd4b940000 - 0x00007ffd4bbc4000 	C:\Windows\WinSxS\amd64_microsoft.windows.common-controls_6595b64144ccf1df_6.0.18362.1316_none_9e7a364fe461dbd7\COMCTL32.dll
0x00007ffd61c30000 - 0x00007ffd61c56000 	C:\Windows\System32\GDI32.dll
0x00007ffd60a20000 - 0x00007ffd60abe000 	C:\Windows\System32\msvcrt.dll
0x00007ffd60530000 - 0x00007ffd606c8000 	C:\Windows\System32\gdi32full.dll
0x00007ffd623c0000 - 0x00007ffd626f7000 	C:\Windows\System32\combase.dll
0x00007ffd606d0000 - 0x00007ffd6076e000 	C:\Windows\System32\msvcp_win.dll
0x00007ffd617d0000 - 0x00007ffd618ef000 	C:\Windows\System32\RPCRT4.dll
0x00007ffd5f890000 - 0x00007ffd5f911000 	C:\Windows\System32\bcryptPrimitives.dll
0x00007ffd616f0000 - 0x00007ffd6171e000 	C:\Windows\System32\IMM32.DLL
0x00007ffd4e320000 - 0x00007ffd4e32c000 	C:\Users\thoma\Documents\java\jdk-15.0.1\bin\vcruntime140_1.dll
0x00007ffd0c390000 - 0x00007ffd0c421000 	C:\Users\thoma\Documents\java\jdk-15.0.1\bin\msvcp140.dll
0x00007ffce6fd0000 - 0x00007ffce7b2e000 	C:\Users\thoma\Documents\java\jdk-15.0.1\bin\server\jvm.dll
0x00007ffd61000000 - 0x00007ffd610a3000 	C:\Windows\System32\ADVAPI32.dll
0x00007ffd619c0000 - 0x00007ffd61a57000 	C:\Windows\System32\sechost.dll
0x00007ffd60a00000 - 0x00007ffd60a08000 	C:\Windows\System32\PSAPI.DLL
0x00007ffd5bf80000 - 0x00007ffd5bf89000 	C:\Windows\SYSTEM32\WSOCK32.dll
0x00007ffd56430000 - 0x00007ffd5643a000 	C:\Windows\SYSTEM32\VERSION.dll
0x00007ffd61c60000 - 0x00007ffd61ccf000 	C:\Windows\System32\WS2_32.dll
0x00007ffd5d570000 - 0x00007ffd5d594000 	C:\Windows\SYSTEM32\WINMM.dll
0x00007ffd5d540000 - 0x00007ffd5d56d000 	C:\Windows\SYSTEM32\WINMMBASE.dll
0x00007ffd5f6c0000 - 0x00007ffd5f70a000 	C:\Windows\System32\cfgmgr32.dll
0x00007ffd5f650000 - 0x00007ffd5f661000 	C:\Windows\System32\kernel.appcore.dll
0x00007ffd4e260000 - 0x00007ffd4e26a000 	C:\Users\thoma\Documents\java\jdk-15.0.1\bin\jimage.dll
0x00007ffd558b0000 - 0x00007ffd55aa4000 	C:\Windows\SYSTEM32\DBGHELP.DLL
0x00007ffd4d2f0000 - 0x00007ffd4d31a000 	C:\Windows\SYSTEM32\dbgcore.DLL
0x00007ffd313e0000 - 0x00007ffd31405000 	C:\Users\thoma\Documents\java\jdk-15.0.1\bin\java.dll
0x00007ffd61cd0000 - 0x00007ffd623b8000 	C:\Windows\System32\SHELL32.dll
0x00007ffd61430000 - 0x00007ffd614d7000 	C:\Windows\System32\shcore.dll
0x00007ffd5f920000 - 0x00007ffd6009b000 	C:\Windows\System32\windows.storage.dll
0x00007ffd5f600000 - 0x00007ffd5f623000 	C:\Windows\System32\profapi.dll
0x00007ffd5f670000 - 0x00007ffd5f6ba000 	C:\Windows\System32\powrprof.dll
0x00007ffd5f5f0000 - 0x00007ffd5f600000 	C:\Windows\System32\UMPDC.dll
0x00007ffd61a80000 - 0x00007ffd61ad2000 	C:\Windows\System32\shlwapi.dll
0x00007ffd60770000 - 0x00007ffd60787000 	C:\Windows\System32\cryptsp.dll
0x00007ffd32ad0000 - 0x00007ffd32ae9000 	C:\Users\thoma\Documents\java\jdk-15.0.1\bin\net.dll
0x00007ffd59500000 - 0x00007ffd595f0000 	C:\Windows\SYSTEM32\WINHTTP.dll
0x00007ffd5edd0000 - 0x00007ffd5ee37000 	C:\Windows\system32\mswsock.dll
0x00007ffd31360000 - 0x00007ffd31372000 	C:\Users\thoma\Documents\java\jdk-15.0.1\bin\nio.dll
0x00007ffd31190000 - 0x00007ffd311a8000 	C:\Users\thoma\Documents\java\jdk-15.0.1\bin\zip.dll
0x00007ffd4e240000 - 0x00007ffd4e250000 	C:\Users\thoma\Documents\java\jdk-15.0.1\bin\verify.dll
0x00007ffd46290000 - 0x00007ffd46299000 	C:\Users\thoma\Documents\java\jdk-15.0.1\bin\management.dll
0x00007ffd45240000 - 0x00007ffd4524b000 	C:\Users\thoma\Documents\java\jdk-15.0.1\bin\management_ext.dll
0x00007ffd48f70000 - 0x00007ffd48f86000 	C:\Windows\system32\napinsp.dll
0x00007ffd46670000 - 0x00007ffd4668a000 	C:\Windows\system32\pnrpnsp.dll
0x00007ffd5eb20000 - 0x00007ffd5ebeb000 	C:\Windows\SYSTEM32\DNSAPI.dll
0x00007ffd60ff0000 - 0x00007ffd60ff8000 	C:\Windows\System32\NSI.dll
0x00007ffd5eae0000 - 0x00007ffd5eb1a000 	C:\Windows\SYSTEM32\IPHLPAPI.DLL
0x00007ffd46660000 - 0x00007ffd4666e000 	C:\Windows\System32\winrnr.dll
0x00007ffd5bd10000 - 0x00007ffd5bd2c000 	C:\Windows\system32\NLAapi.dll
0x00007ffd5a250000 - 0x00007ffd5a265000 	C:\Windows\system32\wshbth.dll
0x000000005a4c0000 - 0x000000005a4e6000 	C:\Program Files\Bonjour\mdnsNSP.dll
0x00007ffd574e0000 - 0x00007ffd574ea000 	C:\Windows\System32\rasadhlp.dll
0x00007ffd56cf0000 - 0x00007ffd56d67000 	C:\Windows\System32\fwpuclnt.dll
0x00007ffd5f710000 - 0x00007ffd5f736000 	C:\Windows\System32\bcrypt.dll
0x00007ffd5e950000 - 0x00007ffd5e983000 	C:\Windows\system32\rsaenh.dll
0x00007ffd5f510000 - 0x00007ffd5f535000 	C:\Windows\SYSTEM32\USERENV.dll
0x00007ffd5efa0000 - 0x00007ffd5efac000 	C:\Windows\SYSTEM32\CRYPTBASE.dll
0x00007ffd57580000 - 0x00007ffd57596000 	C:\Windows\SYSTEM32\dhcpcsvc6.DLL
0x00007ffd57c50000 - 0x00007ffd57c6c000 	C:\Windows\SYSTEM32\dhcpcsvc.DLL
0x00007ffd5bf40000 - 0x00007ffd5bf7e000 	C:\Users\thoma\Documents\Projets\HandyHand\lib\native\LeapJava.dll
0x00007ffd4fa00000 - 0x00007ffd4faef000 	C:\Windows\SYSTEM32\MSVCR120.dll
0x00007ffd4f0d0000 - 0x00007ffd4f176000 	C:\Windows\SYSTEM32\MSVCP120.dll
0x00007ffd0ada0000 - 0x00007ffd0affe000 	C:\Users\thoma\Documents\Projets\HandyHand\lib\native\Leap.dll
0x00007ffd5e630000 - 0x00007ffd5e661000 	C:\Windows\SYSTEM32\ntmarta.dll

dbghelp: loaded successfully - version: 4.0.5 - missing functions: none
symbol engine: initialized successfully - sym options: 0x614 - pdb path: .;C:\Users\thoma\Documents\java\jdk-15.0.1\bin;C:\Windows\SYSTEM32;C:\Windows\WinSxS\amd64_microsoft.windows.common-controls_6595b64144ccf1df_6.0.18362.1316_none_9e7a364fe461dbd7;C:\Users\thoma\Documents\java\jdk-15.0.1\bin\server;C:\Program Files\Bonjour;C:\Users\thoma\Documents\Projets\HandyHand\lib\native

VM Arguments:
jvm_args: -Djava.library.path=lib/native -Dfile.encoding=windows-1252 -Duser.country=FR -Duser.language=fr -Duser.variant 
java_command: Api.ApiApp.ApiAppApplication
java_class_path (initial): C:\Users\thoma\Documents\Projets\HandyHand\build\classes\java\main;C:\Users\thoma\Documents\Projets\HandyHand\build\resources\main;C:\Users\thoma\Documents\Projets\HandyHand\lib\LeapJava.jar;C:\Users\thoma\.gradle\caches\modules-2\files-2.1\org.processing\core\3.3.7\6e0983fb0841935eaa3386395e712d609856ab90\core-3.3.7.jar;C:\Users\thoma\.gradle\caches\modules-2\files-2.1\com.googlecode.json-simple\json-simple\1.1.1\c9ad4a0850ab676c5c64461a05ca524cdfff59f1\json-simple-1.1.1.jar;C:\Users\thoma\.gradle\caches\modules-2\files-2.1\com.google.code.gson\gson\2.8.6\9180733b7df8542621dc12e21e87557e8c99b8cb\gson-2.8.6.jar;C:\Users\thoma\.gradle\caches\modules-2\files-2.1\org.springframework.boot\spring-boot-starter-web\2.4.1\fb70dcc55475177dd404c5577c6d64b6c591c9cd\spring-boot-starter-web-2.4.1.jar;C:\Users\thoma\.gradle\caches\modules-2\files-2.1\org.jogamp.gluegen\gluegen-rt-main\2.3.2\6a86a9ce357c085e3052efcf639447f9957b82b8\gluegen-rt-main-2.3.2.jar;C:\Users\thoma\.gradle\caches\modules-2\files-2.1\org.jogamp.jogl\jogl\2.3.2\99e731771477fe0e142a65d77f9398b83755ec07\jogl-2.3.2.jar;C:\Users\thoma\.gradle\caches\modules-2\files-2.1\org.jogamp.jogl\jogl-all-main\2.3.2\6a86a9ce357c085e3052efcf639447f9957b82b8\jogl-all-main-2.3.2.jar;C:\Users\thoma\.gradle\caches\modules-2\files-2.1\org.jogamp.jogl\newt-main\2.3.2\6a86a9ce357c085e3052efcf639447f9957b82b8\newt-main-2.3.2.jar;C:\Users\thoma\.gradle\caches\modules-2\files-2.1\org.jogamp.jogl\nativewindow-main\2.3.2\6a86a9ce357c085e3052efcf639447f9957b82b8\nativewindow-main-2.3.2.jar;C:\Users\thoma\.gradle\caches\modules-2\files-2.1\junit\junit\4.13.1\cdd00374f1fee76b11e2a9d127405aa3f6be5b6a\junit-4.13.1.jar;C:\Users\thoma\.gradle\caches\modules-2\files-2.1\org.springframework.boot\spring-boot-starter-json\2.4.1\5a4b7088c88be531cb416ef218da3e19309f8cea\spring-boot-starter-json-2.4.1.jar;C:\Users\thoma\.gradle\caches\modules-2\files-2.1\org.springframework.boot\spring-boot-starter\2.4.1\15d81ffe81e26de379
Launcher Type: SUN_STANDARD

[Global flags]
     intx CICompilerCount                          = 12                                        {product} {ergonomic}
     uint ConcGCThreads                            = 3                                         {product} {ergonomic}
     uint G1ConcRefinementThreads                  = 13                                        {product} {ergonomic}
   size_t G1HeapRegionSize                         = 2097152                                   {product} {ergonomic}
    uintx GCDrainStackTargetSize                   = 64                                        {product} {ergonomic}
   size_t InitialHeapSize                          = 268435456                                 {product} {ergonomic}
   size_t MarkStackSize                            = 4194304                                   {product} {ergonomic}
   size_t MaxHeapSize                              = 4282384384                                {product} {ergonomic}
   size_t MaxNewSize                               = 2569011200                                {product} {ergonomic}
   size_t MinHeapDeltaBytes                        = 2097152                                   {product} {ergonomic}
   size_t MinHeapSize                              = 8388608                                   {product} {ergonomic}
    uintx NonNMethodCodeHeapSize                   = 7602480                                {pd product} {ergonomic}
    uintx NonProfiledCodeHeapSize                  = 122027880                              {pd product} {ergonomic}
    uintx ProfiledCodeHeapSize                     = 122027880                              {pd product} {ergonomic}
    uintx ReservedCodeCacheSize                    = 251658240                              {pd product} {ergonomic}
     bool SegmentedCodeCache                       = true                                      {product} {ergonomic}
   size_t SoftMaxHeapSize                          = 4282384384                             {manageable} {ergonomic}
     bool UseCompressedClassPointers               = true                                 {lp64_product} {ergonomic}
     bool UseCompressedOops                        = true                                 {lp64_product} {ergonomic}
     bool UseG1GC                                  = true                                      {product} {ergonomic}
     bool UseLargePagesIndividualAllocation        = false                                  {pd product} {ergonomic}

Logging:
Log output configuration:
 #0: stdout all=warning uptime,level,tags
 #1: stderr all=off uptime,level,tags

Environment Variables:
PATH=C:\Program Files (x86)\Common Files\Oracle\Java\javapath;C:\Windows\system32;C:\Windows;C:\Windows\System32\Wbem;C:\Windows\System32\WindowsPowerShell\v1.0\;C:\Windows\System32\OpenSSH\;C:\Program Files\TortoiseSVN\bin;A:\Programme\;C:\Program Files\dotnet\;C:\Program Files\Microsoft SQL Server\130\Tools\Binn\;C:\Program Files\Microsoft SQL Server\Client SDK\ODBC\170\Tools\Binn\;C:\Program Files\Git\cmd;C:\Program Files (x86)\Yarn\bin\;C:\Program Files\nodejs\;C:\Ruby27-x64\bin;C:\Users\thoma\AppData\Local\Microsoft\WindowsApps;C:\Users\thoma\AppData\Local\Programs\Microsoft VS Code\bin;C:\Users\thoma\AppData\Local\Yarn\bin;C:\Users\thoma\AppData\Roaming\npm;C:\Users\thoma\AppData\Local\GitHubDesktop\bin
USERNAME=thoma
OS=Windows_NT
PROCESSOR_IDENTIFIER=AMD64 Family 23 Model 8 Stepping 2, AuthenticAMD



---------------  S Y S T E M  ---------------

OS:
 Windows 10 , 64 bit Build 18362 (10.0.18362.1316)
OS uptime: 0 days 2:56 hours

CPU: total 16 (initial active 16) (16 cores per cpu, 2 threads per core) family 23 model 8 stepping 2 microcode 0x0, cmov, cx8, fxsr, mmx, sse, sse2, sse3, ssse3, sse4.1, sse4.2, popcnt, vzeroupper, avx, avx2, aes, clmul, 3dnowpref, lzcnt, sse4a, ht, tsc, tscinvbit, tscinv, bmi1, bmi2, adx, sha, fma, clflush, clflushopt

Memory: 4k page, system-wide physical 16335M (6655M free)
TotalPageFile size 18767M (AvailPageFile size 2053M)
current process WorkingSet (physical memory assigned to process): 178M, peak: 183M
current process commit charge ("private bytes"): 239M, peak: 421M

vm_info: OpenJDK 64-Bit Server VM (15.0.1+9-18) for windows-amd64 JRE (15.0.1+9-18), built on Sep 15 2020 14:39:31 by "mach5one" with unknown MS VC++:1925

END.
